{"/home/mblancho/projects/LocalShirt/server/src/app.module.ts": {"path":"/home/mblancho/projects/LocalShirt/server/src/app.module.ts","statementMap":{"0":{"start":{"line":1,"column":0},"end":{"line":1,"column":40}},"1":{"start":{"line":2,"column":0},"end":{"line":2,"column":48}},"2":{"start":{"line":3,"column":0},"end":{"line":3,"column":66}},"3":{"start":{"line":4,"column":0},"end":{"line":4,"column":46}},"4":{"start":{"line":5,"column":0},"end":{"line":5,"column":51}},"5":{"start":{"line":6,"column":0},"end":{"line":6,"column":48}},"6":{"start":{"line":7,"column":0},"end":{"line":7,"column":57}},"7":{"start":{"line":8,"column":0},"end":{"line":8,"column":48}},"8":{"start":{"line":9,"column":0},"end":{"line":9,"column":48}},"9":{"start":{"line":10,"column":0},"end":{"line":10,"column":80}},"10":{"start":{"line":11,"column":0},"end":{"line":11,"column":68}},"11":{"start":{"line":12,"column":0},"end":{"line":12,"column":60}},"12":{"start":{"line":13,"column":0},"end":{"line":13,"column":57}},"13":{"start":{"line":14,"column":0},"end":{"line":14,"column":60}},"14":{"start":{"line":15,"column":0},"end":{"line":15,"column":57}},"15":{"start":{"line":16,"column":0},"end":{"line":16,"column":60}},"16":{"start":{"line":53,"column":7},"end":{"line":53,"column":null}},"17":{"start":{"line":53,"column":13},"end":{"line":53,"column":22}},"18":{"start":{"line":53,"column":13},"end":{"line":53,"column":null}},"19":{"start":{"line":23,"column":29},"end":{"line":23,"column":36}}},"fnMap":{"0":{"name":"(anonymous_1)","decl":{"start":{"line":23,"column":15},"end":{"line":23,"column":16}},"loc":{"start":{"line":23,"column":29},"end":{"line":23,"column":36}}}},"branchMap":{},"s":{"0":0,"1":0,"2":0,"3":0,"4":0,"5":0,"6":0,"7":0,"8":0,"9":0,"10":0,"11":0,"12":0,"13":0,"14":0,"15":0,"16":0,"17":0,"18":0,"19":0},"f":{"0":0},"b":{}}
,"/home/mblancho/projects/LocalShirt/server/src/main.ts": {"path":"/home/mblancho/projects/LocalShirt/server/src/main.ts","statementMap":{"0":{"start":{"line":1,"column":0},"end":{"line":1,"column":47}},"1":{"start":{"line":2,"column":0},"end":{"line":2,"column":43}},"2":{"start":{"line":3,"column":0},"end":{"line":3,"column":41}},"3":{"start":{"line":4,"column":0},"end":{"line":4,"column":56}},"4":{"start":{"line":7,"column":14},"end":{"line":7,"column":65}},"5":{"start":{"line":8,"column":39},"end":{"line":8,"column":61}},"6":{"start":{"line":9,"column":32},"end":{"line":9,"column":51}},"7":{"start":{"line":11,"column":2},"end":{"line":11,"column":19}},"8":{"start":{"line":12,"column":2},"end":{"line":12,"column":73}},"9":{"start":{"line":13,"column":2},"end":{"line":15,"column":4}},"10":{"start":{"line":16,"column":2},"end":{"line":16,"column":46}},"11":{"start":{"line":18,"column":0},"end":{"line":18,"column":12}}},"fnMap":{"0":{"name":"bootstrap","decl":{"start":{"line":6,"column":15},"end":{"line":6,"column":24}},"loc":{"start":{"line":6,"column":24},"end":{"line":17,"column":1}}}},"branchMap":{},"s":{"0":0,"1":0,"2":0,"3":0,"4":0,"5":0,"6":0,"7":0,"8":0,"9":0,"10":0,"11":0},"f":{"0":0},"b":{}}
,"/home/mblancho/projects/LocalShirt/server/src/analysis/analysis.model.ts": {"path":"/home/mblancho/projects/LocalShirt/server/src/analysis/analysis.model.ts","statementMap":{"0":{"start":{"line":1,"column":0},"end":{"line":1,"column":52}},"1":{"start":{"line":4,"column":7},"end":{"line":13,"column":null}},"2":{"start":{"line":4,"column":13},"end":{"line":4,"column":20}},"3":{"start":{"line":6,"column":2},"end":{"line":6,"column":null}},"4":{"start":{"line":5,"column":15},"end":{"line":5,"column":21}},"5":{"start":{"line":9,"column":2},"end":{"line":9,"column":null}},"6":{"start":{"line":8,"column":15},"end":{"line":8,"column":21}},"7":{"start":{"line":12,"column":2},"end":{"line":12,"column":null}},"8":{"start":{"line":11,"column":15},"end":{"line":11,"column":21}},"9":{"start":{"line":4,"column":13},"end":{"line":13,"column":null}},"10":{"start":{"line":16,"column":7},"end":{"line":22,"column":null}},"11":{"start":{"line":16,"column":13},"end":{"line":16,"column":25}},"12":{"start":{"line":18,"column":2},"end":{"line":18,"column":null}},"13":{"start":{"line":21,"column":2},"end":{"line":21,"column":null}},"14":{"start":{"line":16,"column":13},"end":{"line":22,"column":null}},"15":{"start":{"line":25,"column":7},"end":{"line":37,"column":null}},"16":{"start":{"line":25,"column":13},"end":{"line":25,"column":17}},"17":{"start":{"line":27,"column":2},"end":{"line":27,"column":null}},"18":{"start":{"line":30,"column":2},"end":{"line":30,"column":null}},"19":{"start":{"line":33,"column":2},"end":{"line":33,"column":null}},"20":{"start":{"line":36,"column":2},"end":{"line":36,"column":null}},"21":{"start":{"line":25,"column":13},"end":{"line":37,"column":null}}},"fnMap":{"0":{"name":"(anonymous_2)","decl":{"start":{"line":5,"column":9},"end":{"line":5,"column":12}},"loc":{"start":{"line":5,"column":15},"end":{"line":5,"column":21}}},"1":{"name":"(anonymous_3)","decl":{"start":{"line":8,"column":9},"end":{"line":8,"column":12}},"loc":{"start":{"line":8,"column":15},"end":{"line":8,"column":21}}},"2":{"name":"(anonymous_4)","decl":{"start":{"line":11,"column":9},"end":{"line":11,"column":12}},"loc":{"start":{"line":11,"column":15},"end":{"line":11,"column":21}}}},"branchMap":{},"s":{"0":0,"1":0,"2":0,"3":0,"4":0,"5":0,"6":0,"7":0,"8":0,"9":0,"10":0,"11":0,"12":0,"13":0,"14":0,"15":0,"16":0,"17":0,"18":0,"19":0,"20":0,"21":0},"f":{"0":0,"1":0,"2":0},"b":{}}
,"/home/mblancho/projects/LocalShirt/server/src/analysis/analysis.module.ts": {"path":"/home/mblancho/projects/LocalShirt/server/src/analysis/analysis.module.ts","statementMap":{"0":{"start":{"line":1,"column":0},"end":{"line":1,"column":40}},"1":{"start":{"line":2,"column":0},"end":{"line":2,"column":53}},"2":{"start":{"line":3,"column":0},"end":{"line":3,"column":55}},"3":{"start":{"line":4,"column":0},"end":{"line":4,"column":78}},"4":{"start":{"line":5,"column":0},"end":{"line":5,"column":48}},"5":{"start":{"line":6,"column":0},"end":{"line":6,"column":61}},"6":{"start":{"line":7,"column":0},"end":{"line":7,"column":84}},"7":{"start":{"line":9,"column":0},"end":{"line":9,"column":59}},"8":{"start":{"line":10,"column":0},"end":{"line":10,"column":56}},"9":{"start":{"line":11,"column":0},"end":{"line":11,"column":65}},"10":{"start":{"line":12,"column":0},"end":{"line":12,"column":69}},"11":{"start":{"line":13,"column":0},"end":{"line":13,"column":67}},"12":{"start":{"line":28,"column":7},"end":{"line":28,"column":null}},"13":{"start":{"line":28,"column":13},"end":{"line":28,"column":27}},"14":{"start":{"line":28,"column":13},"end":{"line":28,"column":null}}},"fnMap":{},"branchMap":{},"s":{"0":0,"1":0,"2":0,"3":0,"4":0,"5":0,"6":0,"7":0,"8":0,"9":0,"10":0,"11":0,"12":0,"13":0,"14":0},"f":{},"b":{}}
,"/home/mblancho/projects/LocalShirt/server/src/analysis/analysis.resolver.ts": {"path":"/home/mblancho/projects/LocalShirt/server/src/analysis/analysis.resolver.ts","statementMap":{"0":{"start":{"line":1,"column":0},"end":{"line":1,"column":56}},"1":{"start":{"line":2,"column":0},"end":{"line":2,"column":53}},"2":{"start":{"line":4,"column":0},"end":{"line":4,"column":87}},"3":{"start":{"line":8,"column":7},"end":{"line":21,"column":null}},"4":{"start":{"line":9,"column":22},"end":{"line":9,"column":39}},"5":{"start":{"line":19,"column":4},"end":{"line":19,"column":91}},"6":{"start":{"line":8,"column":13},"end":{"line":8,"column":29}},"7":{"start":{"line":13,"column":8},"end":{"line":20,"column":null}},"8":{"start":{"line":12,"column":22},"end":{"line":12,"column":48}},"9":{"start":{"line":8,"column":13},"end":{"line":21,"column":null}}},"fnMap":{"0":{"name":"(anonymous_4)","decl":{"start":{"line":9,"column":2},"end":{"line":9,"column":22}},"loc":{"start":{"line":9,"column":54},"end":{"line":10,"column":8}}},"1":{"name":"(anonymous_5)","decl":{"start":{"line":13,"column":2},"end":{"line":13,"column":7}},"loc":{"start":{"line":17,"column":38},"end":{"line":20,"column":3}}},"2":{"name":"(anonymous_6)","decl":{"start":{"line":12,"column":9},"end":{"line":12,"column":10}},"loc":{"start":{"line":12,"column":22},"end":{"line":12,"column":48}}}},"branchMap":{},"s":{"0":0,"1":0,"2":0,"3":0,"4":0,"5":0,"6":0,"7":0,"8":0,"9":0},"f":{"0":0,"1":0,"2":0},"b":{}}
,"/home/mblancho/projects/LocalShirt/server/src/analysis/analysis.service.ts": {"path":"/home/mblancho/projects/LocalShirt/server/src/analysis/analysis.service.ts","statementMap":{"0":{"start":{"line":1,"column":0},"end":{"line":1,"column":44}},"1":{"start":{"line":2,"column":0},"end":{"line":2,"column":78}},"2":{"start":{"line":3,"column":0},"end":{"line":3,"column":51}},"3":{"start":{"line":4,"column":0},"end":{"line":4,"column":37}},"4":{"start":{"line":5,"column":0},"end":{"line":5,"column":59}},"5":{"start":{"line":6,"column":0},"end":{"line":6,"column":84}},"6":{"start":{"line":7,"column":0},"end":{"line":7,"column":59}},"7":{"start":{"line":9,"column":0},"end":{"line":9,"column":69}},"8":{"start":{"line":12,"column":7},"end":{"line":66,"column":null}},"9":{"start":{"line":15,"column":12},"end":{"line":15,"column":31}},"10":{"start":{"line":16,"column":12},"end":{"line":16,"column":28}},"11":{"start":{"line":17,"column":12},"end":{"line":17,"column":28}},"12":{"start":{"line":18,"column":12},"end":{"line":18,"column":31}},"13":{"start":{"line":20,"column":12},"end":{"line":20,"column":29}},"14":{"start":{"line":24,"column":4},"end":{"line":63,"column":5}},"15":{"start":{"line":25,"column":6},"end":{"line":25,"column":55}},"16":{"start":{"line":26,"column":29},"end":{"line":26,"column":70}},"17":{"start":{"line":28,"column":6},"end":{"line":59,"column":7}},"18":{"start":{"line":29,"column":8},"end":{"line":46,"column":null}},"19":{"start":{"line":35,"column":12},"end":{"line":35,"column":null}},"20":{"start":{"line":38,"column":12},"end":{"line":38,"column":null}},"21":{"start":{"line":41,"column":12},"end":{"line":41,"column":null}},"22":{"start":{"line":47,"column":26},"end":{"line":47,"column":28}},"23":{"start":{"line":48,"column":8},"end":{"line":48,"column":66}},"24":{"start":{"line":49,"column":28},"end":{"line":49,"column":30}},"25":{"start":{"line":50,"column":8},"end":{"line":50,"column":68}},"26":{"start":{"line":51,"column":27},"end":{"line":51,"column":29}},"27":{"start":{"line":52,"column":8},"end":{"line":52,"column":67}},"28":{"start":{"line":53,"column":8},"end":{"line":53,"column":44}},"29":{"start":{"line":54,"column":8},"end":{"line":57,"column":61}},"30":{"start":{"line":55,"column":10},"end":{"line":55,"column":119}},"31":{"start":{"line":57,"column":10},"end":{"line":57,"column":61}},"32":{"start":{"line":61,"column":6},"end":{"line":61,"column":52}},"33":{"start":{"line":62,"column":6},"end":{"line":62,"column":57}},"34":{"start":{"line":12,"column":13},"end":{"line":12,"column":28}},"35":{"start":{"line":12,"column":13},"end":{"line":66,"column":null}}},"fnMap":{"0":{"name":"(anonymous_4)","decl":{"start":{"line":13,"column":2},"end":{"line":13,"column":null}},"loc":{"start":{"line":20,"column":46},"end":{"line":22,"column":6}}},"1":{"name":"(anonymous_5)","decl":{"start":{"line":23,"column":2},"end":{"line":23,"column":7}},"loc":{"start":{"line":23,"column":91},"end":{"line":65,"column":3}}},"2":{"name":"(anonymous_6)","decl":{"start":{"line":34,"column":50},"end":{"line":34,"column":57}},"loc":{"start":{"line":34,"column":60},"end":{"line":36,"column":11}}},"3":{"name":"(anonymous_7)","decl":{"start":{"line":37,"column":52},"end":{"line":37,"column":60}},"loc":{"start":{"line":37,"column":63},"end":{"line":39,"column":11}}},"4":{"name":"(anonymous_8)","decl":{"start":{"line":40,"column":54},"end":{"line":40,"column":63}},"loc":{"start":{"line":40,"column":66},"end":{"line":42,"column":11}}}},"branchMap":{"0":{"loc":{"start":{"line":28,"column":6},"end":{"line":59,"column":7}},"type":"if","locations":[{"start":{"line":28,"column":6},"end":{"line":59,"column":7}}]},"1":{"loc":{"start":{"line":44,"column":17},"end":{"line":44,"column":73}},"type":"cond-expr","locations":[{"start":{"line":44,"column":41},"end":{"line":44,"column":42}},{"start":{"line":44,"column":45},"end":{"line":44,"column":73}}]},"2":{"loc":{"start":{"line":54,"column":8},"end":{"line":57,"column":61}},"type":"if","locations":[{"start":{"line":54,"column":8},"end":{"line":57,"column":61}},{"start":{"line":57,"column":10},"end":{"line":57,"column":61}}]},"3":{"loc":{"start":{"line":54,"column":12},"end":{"line":54,"column":47}},"type":"binary-expr","locations":[{"start":{"line":54,"column":12},"end":{"line":54,"column":20}},{"start":{"line":54,"column":24},"end":{"line":54,"column":34}},{"start":{"line":54,"column":38},"end":{"line":54,"column":47}}]},"4":{"loc":{"start":{"line":55,"column":74},"end":{"line":55,"column":112}},"type":"cond-expr","locations":[{"start":{"line":55,"column":92},"end":{"line":55,"column":108}},{"start":{"line":55,"column":111},"end":{"line":55,"column":112}}]}},"s":{"0":0,"1":0,"2":0,"3":0,"4":0,"5":0,"6":0,"7":0,"8":0,"9":0,"10":0,"11":0,"12":0,"13":0,"14":0,"15":0,"16":0,"17":0,"18":0,"19":0,"20":0,"21":0,"22":0,"23":0,"24":0,"25":0,"26":0,"27":0,"28":0,"29":0,"30":0,"31":0,"32":0,"33":0,"34":0,"35":0},"f":{"0":0,"1":0,"2":0,"3":0,"4":0},"b":{"0":[0],"1":[0,0],"2":[0,0],"3":[0,0,0],"4":[0,0]}}
,"/home/mblancho/projects/LocalShirt/server/src/article/computeScore.ts": {"path":"/home/mblancho/projects/LocalShirt/server/src/article/computeScore.ts","statementMap":{"0":{"start":{"line":7,"column":0},"end":{"line":7,"column":null}},"1":{"start":{"line":8,"column":2},"end":{"line":8,"column":null}},"2":{"start":{"line":9,"column":2},"end":{"line":9,"column":null}},"3":{"start":{"line":18,"column":28},"end":{"line":18,"column":29}},"4":{"start":{"line":19,"column":22},"end":{"line":19,"column":23}},"5":{"start":{"line":20,"column":23},"end":{"line":23,"column":null}},"6":{"start":{"line":22,"column":6},"end":{"line":23,"column":49}},"7":{"start":{"line":25,"column":2},"end":{"line":58,"column":3}},"8":{"start":{"line":25,"column":23},"end":{"line":25,"column":24}},"9":{"start":{"line":26,"column":4},"end":{"line":57,"column":5}},"10":{"start":{"line":28,"column":8},"end":{"line":31,"column":16}},"11":{"start":{"line":32,"column":8},"end":{"line":32,"column":55}},"12":{"start":{"line":33,"column":8},"end":{"line":33,"column":14}},"13":{"start":{"line":36,"column":20},"end":{"line":36,"column":129}},"14":{"start":{"line":37,"column":20},"end":{"line":37,"column":131}},"15":{"start":{"line":38,"column":23},"end":{"line":38,"column":83}},"16":{"start":{"line":39,"column":8},"end":{"line":41,"column":9}},"17":{"start":{"line":40,"column":10},"end":{"line":40,"column":36}},"18":{"start":{"line":42,"column":8},"end":{"line":42,"column":60}},"19":{"start":{"line":43,"column":8},"end":{"line":43,"column":55}},"20":{"start":{"line":44,"column":8},"end":{"line":44,"column":14}},"21":{"start":{"line":46,"column":8},"end":{"line":46,"column":39}},"22":{"start":{"line":46,"column":33},"end":{"line":46,"column":39}},"23":{"start":{"line":47,"column":30},"end":{"line":49,"column":10}},"24":{"start":{"line":50,"column":8},"end":{"line":50,"column":34}},"25":{"start":{"line":50,"column":28},"end":{"line":50,"column":34}},"26":{"start":{"line":51,"column":8},"end":{"line":53,"column":48}},"27":{"start":{"line":54,"column":8},"end":{"line":54,"column":55}},"28":{"start":{"line":56,"column":8},"end":{"line":56,"column":14}},"29":{"start":{"line":59,"column":2},"end":{"line":59,"column":63}},"30":{"start":{"line":12,"column":0},"end":{"line":12,"column":7}}},"fnMap":{"0":{"name":"(anonymous_0)","decl":{"start":{"line":7,"column":0},"end":{"line":7,"column":12}},"loc":{"start":{"line":7,"column":28},"end":{"line":10,"column":1}}},"1":{"name":"computeScore","decl":{"start":{"line":12,"column":22},"end":{"line":12,"column":34}},"loc":{"start":{"line":15,"column":49},"end":{"line":60,"column":1}}},"2":{"name":"(anonymous_2)","decl":{"start":{"line":21,"column":4},"end":{"line":21,"column":5}},"loc":{"start":{"line":22,"column":6},"end":{"line":23,"column":49}}}},"branchMap":{"0":{"loc":{"start":{"line":7,"column":12},"end":{"line":7,"column":null}},"type":"binary-expr","locations":[{"start":{"line":7,"column":12},"end":{"line":7,"column":28}},{"start":{"line":7,"column":28},"end":{"line":7,"column":null}}]},"1":{"loc":{"start":{"line":22,"column":6},"end":{"line":23,"column":49}},"type":"binary-expr","locations":[{"start":{"line":22,"column":6},"end":{"line":22,"column":55}},{"start":{"line":23,"column":6},"end":{"line":23,"column":49}}]},"2":{"loc":{"start":{"line":26,"column":4},"end":{"line":57,"column":5}},"type":"switch","locations":[{"start":{"line":27,"column":6},"end":{"line":33,"column":14}},{"start":{"line":34,"column":6},"end":{"line":34,"column":19}},{"start":{"line":35,"column":6},"end":{"line":44,"column":14}},{"start":{"line":45,"column":6},"end":{"line":54,"column":55}},{"start":{"line":55,"column":6},"end":{"line":56,"column":14}}]},"3":{"loc":{"start":{"line":29,"column":10},"end":{"line":31,"column":15}},"type":"cond-expr","locations":[{"start":{"line":30,"column":14},"end":{"line":30,"column":51}},{"start":{"line":31,"column":14},"end":{"line":31,"column":15}}]},"4":{"loc":{"start":{"line":36,"column":20},"end":{"line":36,"column":129}},"type":"cond-expr","locations":[{"start":{"line":36,"column":70},"end":{"line":36,"column":125}},{"start":{"line":36,"column":128},"end":{"line":36,"column":129}}]},"5":{"loc":{"start":{"line":37,"column":20},"end":{"line":37,"column":131}},"type":"cond-expr","locations":[{"start":{"line":37,"column":70},"end":{"line":37,"column":125}},{"start":{"line":37,"column":128},"end":{"line":37,"column":131}}]},"6":{"loc":{"start":{"line":39,"column":8},"end":{"line":41,"column":9}},"type":"if","locations":[{"start":{"line":39,"column":8},"end":{"line":41,"column":9}}]},"7":{"loc":{"start":{"line":46,"column":8},"end":{"line":46,"column":39}},"type":"if","locations":[{"start":{"line":46,"column":8},"end":{"line":46,"column":39}}]},"8":{"loc":{"start":{"line":50,"column":8},"end":{"line":50,"column":34}},"type":"if","locations":[{"start":{"line":50,"column":8},"end":{"line":50,"column":34}}]},"9":{"loc":{"start":{"line":59,"column":9},"end":{"line":59,"column":62}},"type":"cond-expr","locations":[{"start":{"line":59,"column":27},"end":{"line":59,"column":58}},{"start":{"line":59,"column":61},"end":{"line":59,"column":62}}]}},"s":{"0":0,"1":0,"2":0,"3":0,"4":0,"5":0,"6":0,"7":0,"8":0,"9":0,"10":0,"11":0,"12":0,"13":0,"14":0,"15":0,"16":0,"17":0,"18":0,"19":0,"20":0,"21":0,"22":0,"23":0,"24":0,"25":0,"26":0,"27":0,"28":0,"29":0,"30":0},"f":{"0":0,"1":0,"2":0},"b":{"0":[0,0],"1":[0,0],"2":[0,0,0,0,0],"3":[0,0],"4":[0,0],"5":[0,0],"6":[0],"7":[0],"8":[0],"9":[0,0]}}
,"/home/mblancho/projects/LocalShirt/server/src/article/partner/article.partner.model.ts": {"path":"/home/mblancho/projects/LocalShirt/server/src/article/partner/article.partner.model.ts","statementMap":{"0":{"start":{"line":1,"column":0},"end":{"line":1,"column":66}},"1":{"start":{"line":6,"column":7},"end":{"line":9,"column":null}},"2":{"start":{"line":6,"column":13},"end":{"line":6,"column":31}},"3":{"start":{"line":8,"column":4},"end":{"line":8,"column":null}},"4":{"start":{"line":6,"column":13},"end":{"line":9,"column":null}},"5":{"start":{"line":12,"column":7},"end":{"line":15,"column":null}},"6":{"start":{"line":12,"column":13},"end":{"line":12,"column":30}},"7":{"start":{"line":14,"column":4},"end":{"line":14,"column":null}},"8":{"start":{"line":12,"column":13},"end":{"line":15,"column":null}},"9":{"start":{"line":18,"column":7},"end":{"line":69,"column":null}},"10":{"start":{"line":18,"column":13},"end":{"line":18,"column":33}},"11":{"start":{"line":20,"column":4},"end":{"line":20,"column":null}},"12":{"start":{"line":23,"column":4},"end":{"line":23,"column":null}},"13":{"start":{"line":26,"column":4},"end":{"line":26,"column":null}},"14":{"start":{"line":29,"column":4},"end":{"line":29,"column":null}},"15":{"start":{"line":32,"column":4},"end":{"line":32,"column":null}},"16":{"start":{"line":31,"column":19},"end":{"line":31,"column":39}},"17":{"start":{"line":35,"column":4},"end":{"line":35,"column":null}},"18":{"start":{"line":34,"column":19},"end":{"line":34,"column":39}},"19":{"start":{"line":38,"column":4},"end":{"line":38,"column":null}},"20":{"start":{"line":37,"column":19},"end":{"line":37,"column":39}},"21":{"start":{"line":41,"column":4},"end":{"line":41,"column":null}},"22":{"start":{"line":44,"column":4},"end":{"line":44,"column":null}},"23":{"start":{"line":47,"column":4},"end":{"line":47,"column":null}},"24":{"start":{"line":50,"column":4},"end":{"line":50,"column":null}},"25":{"start":{"line":53,"column":4},"end":{"line":53,"column":null}},"26":{"start":{"line":56,"column":4},"end":{"line":56,"column":null}},"27":{"start":{"line":59,"column":4},"end":{"line":59,"column":null}},"28":{"start":{"line":58,"column":17},"end":{"line":58,"column":22}},"29":{"start":{"line":62,"column":4},"end":{"line":62,"column":null}},"30":{"start":{"line":65,"column":4},"end":{"line":65,"column":null}},"31":{"start":{"line":68,"column":4},"end":{"line":68,"column":null}},"32":{"start":{"line":18,"column":13},"end":{"line":69,"column":null}},"33":{"start":{"line":72,"column":7},"end":{"line":78,"column":null}},"34":{"start":{"line":72,"column":13},"end":{"line":72,"column":35}},"35":{"start":{"line":74,"column":2},"end":{"line":74,"column":null}},"36":{"start":{"line":77,"column":2},"end":{"line":77,"column":null}},"37":{"start":{"line":72,"column":13},"end":{"line":78,"column":null}},"38":{"start":{"line":81,"column":7},"end":{"line":90,"column":null}},"39":{"start":{"line":81,"column":13},"end":{"line":81,"column":39}},"40":{"start":{"line":83,"column":2},"end":{"line":83,"column":null}},"41":{"start":{"line":86,"column":2},"end":{"line":86,"column":null}},"42":{"start":{"line":89,"column":2},"end":{"line":89,"column":null}},"43":{"start":{"line":88,"column":19},"end":{"line":88,"column":41}},"44":{"start":{"line":81,"column":13},"end":{"line":90,"column":null}}},"fnMap":{"0":{"name":"(anonymous_2)","decl":{"start":{"line":31,"column":11},"end":{"line":31,"column":15}},"loc":{"start":{"line":31,"column":19},"end":{"line":31,"column":39}}},"1":{"name":"(anonymous_3)","decl":{"start":{"line":34,"column":11},"end":{"line":34,"column":15}},"loc":{"start":{"line":34,"column":19},"end":{"line":34,"column":39}}},"2":{"name":"(anonymous_4)","decl":{"start":{"line":37,"column":11},"end":{"line":37,"column":15}},"loc":{"start":{"line":37,"column":19},"end":{"line":37,"column":39}}},"3":{"name":"(anonymous_5)","decl":{"start":{"line":58,"column":11},"end":{"line":58,"column":14}},"loc":{"start":{"line":58,"column":17},"end":{"line":58,"column":22}}},"4":{"name":"(anonymous_6)","decl":{"start":{"line":88,"column":9},"end":{"line":88,"column":10}},"loc":{"start":{"line":88,"column":19},"end":{"line":88,"column":41}}}},"branchMap":{},"s":{"0":0,"1":0,"2":0,"3":0,"4":0,"5":0,"6":0,"7":0,"8":0,"9":0,"10":0,"11":0,"12":0,"13":0,"14":0,"15":0,"16":0,"17":0,"18":0,"19":0,"20":0,"21":0,"22":0,"23":0,"24":0,"25":0,"26":0,"27":0,"28":0,"29":0,"30":0,"31":0,"32":0,"33":0,"34":0,"35":0,"36":0,"37":0,"38":0,"39":0,"40":0,"41":0,"42":0,"43":0,"44":0},"f":{"0":0,"1":0,"2":0,"3":0,"4":0},"b":{}}
,"/home/mblancho/projects/LocalShirt/server/src/article/partner/article.partner.module.ts": {"path":"/home/mblancho/projects/LocalShirt/server/src/article/partner/article.partner.module.ts","statementMap":{"0":{"start":{"line":1,"column":0},"end":{"line":1,"column":40}},"1":{"start":{"line":2,"column":0},"end":{"line":2,"column":68}},"2":{"start":{"line":3,"column":0},"end":{"line":3,"column":66}},"3":{"start":{"line":4,"column":0},"end":{"line":4,"column":50}},"4":{"start":{"line":5,"column":0},"end":{"line":5,"column":58}},"5":{"start":{"line":6,"column":0},"end":{"line":6,"column":40}},"6":{"start":{"line":7,"column":0},"end":{"line":7,"column":61}},"7":{"start":{"line":8,"column":0},"end":{"line":8,"column":48}},"8":{"start":{"line":9,"column":0},"end":{"line":9,"column":78}},"9":{"start":{"line":10,"column":0},"end":{"line":10,"column":59}},"10":{"start":{"line":11,"column":0},"end":{"line":11,"column":65}},"11":{"start":{"line":37,"column":7},"end":{"line":37,"column":null}},"12":{"start":{"line":37,"column":13},"end":{"line":37,"column":33}},"13":{"start":{"line":37,"column":13},"end":{"line":37,"column":null}},"14":{"start":{"line":20,"column":8},"end":{"line":24,"column":10}}},"fnMap":{"0":{"name":"(anonymous_1)","decl":{"start":{"line":19,"column":18},"end":{"line":19,"column":19}},"loc":{"start":{"line":19,"column":51},"end":{"line":25,"column":7}}}},"branchMap":{},"s":{"0":0,"1":0,"2":0,"3":0,"4":0,"5":0,"6":0,"7":0,"8":0,"9":0,"10":0,"11":0,"12":0,"13":0,"14":0},"f":{"0":0},"b":{}}
,"/home/mblancho/projects/LocalShirt/server/src/article/partner/article.partner.resolver.ts": {"path":"/home/mblancho/projects/LocalShirt/server/src/article/partner/article.partner.resolver.ts","statementMap":{"0":{"start":{"line":1,"column":0},"end":{"line":1,"column":70}},"1":{"start":{"line":2,"column":0},"end":{"line":2,"column":66}},"2":{"start":{"line":4,"column":0},"end":{"line":4,"column":null}},"3":{"start":{"line":8,"column":0},"end":{"line":8,"column":65}},"4":{"start":{"line":9,"column":0},"end":{"line":9,"column":60}},"5":{"start":{"line":12,"column":7},"end":{"line":80,"column":null}},"6":{"start":{"line":13,"column":22},"end":{"line":13,"column":45}},"7":{"start":{"line":33,"column":4},"end":{"line":33,"column":211}},"8":{"start":{"line":38,"column":4},"end":{"line":38,"column":62}},"9":{"start":{"line":58,"column":4},"end":{"line":58,"column":190}},"10":{"start":{"line":66,"column":4},"end":{"line":66,"column":67}},"11":{"start":{"line":71,"column":4},"end":{"line":71,"column":71}},"12":{"start":{"line":78,"column":4},"end":{"line":78,"column":62}},"13":{"start":{"line":12,"column":13},"end":{"line":12,"column":35}},"14":{"start":{"line":16,"column":8},"end":{"line":34,"column":null}},"15":{"start":{"line":15,"column":22},"end":{"line":15,"column":44}},"16":{"start":{"line":19,"column":41},"end":{"line":19,"column":60}},"17":{"start":{"line":20,"column":40},"end":{"line":20,"column":59}},"18":{"start":{"line":21,"column":42},"end":{"line":21,"column":61}},"19":{"start":{"line":29,"column":51},"end":{"line":29,"column":71}},"20":{"start":{"line":30,"column":36},"end":{"line":30,"column":41}},"21":{"start":{"line":37,"column":8},"end":{"line":39,"column":null}},"22":{"start":{"line":36,"column":22},"end":{"line":36,"column":44}},"23":{"start":{"line":42,"column":8},"end":{"line":59,"column":null}},"24":{"start":{"line":41,"column":22},"end":{"line":41,"column":44}},"25":{"start":{"line":62,"column":8},"end":{"line":67,"column":null}},"26":{"start":{"line":61,"column":22},"end":{"line":61,"column":48}},"27":{"start":{"line":70,"column":8},"end":{"line":72,"column":null}},"28":{"start":{"line":69,"column":22},"end":{"line":69,"column":48}},"29":{"start":{"line":75,"column":8},"end":{"line":79,"column":null}},"30":{"start":{"line":74,"column":22},"end":{"line":74,"column":48}},"31":{"start":{"line":12,"column":13},"end":{"line":80,"column":null}}},"fnMap":{"0":{"name":"(anonymous_4)","decl":{"start":{"line":13,"column":2},"end":{"line":13,"column":22}},"loc":{"start":{"line":13,"column":66},"end":{"line":13,"column":70}}},"1":{"name":"(anonymous_5)","decl":{"start":{"line":16,"column":2},"end":{"line":16,"column":7}},"loc":{"start":{"line":31,"column":22},"end":{"line":34,"column":3}}},"2":{"name":"(anonymous_6)","decl":{"start":{"line":37,"column":2},"end":{"line":37,"column":7}},"loc":{"start":{"line":37,"column":71},"end":{"line":39,"column":3}}},"3":{"name":"(anonymous_7)","decl":{"start":{"line":42,"column":2},"end":{"line":42,"column":7}},"loc":{"start":{"line":56,"column":22},"end":{"line":59,"column":3}}},"4":{"name":"(anonymous_8)","decl":{"start":{"line":62,"column":2},"end":{"line":62,"column":7}},"loc":{"start":{"line":64,"column":22},"end":{"line":67,"column":3}}},"5":{"name":"(anonymous_9)","decl":{"start":{"line":70,"column":2},"end":{"line":70,"column":7}},"loc":{"start":{"line":70,"column":52},"end":{"line":72,"column":3}}},"6":{"name":"(anonymous_10)","decl":{"start":{"line":75,"column":2},"end":{"line":75,"column":7}},"loc":{"start":{"line":76,"column":22},"end":{"line":79,"column":3}}},"7":{"name":"(anonymous_11)","decl":{"start":{"line":15,"column":9},"end":{"line":15,"column":10}},"loc":{"start":{"line":15,"column":22},"end":{"line":15,"column":44}}},"8":{"name":"(anonymous_12)","decl":{"start":{"line":19,"column":35},"end":{"line":19,"column":38}},"loc":{"start":{"line":19,"column":41},"end":{"line":19,"column":60}}},"9":{"name":"(anonymous_13)","decl":{"start":{"line":20,"column":34},"end":{"line":20,"column":37}},"loc":{"start":{"line":20,"column":40},"end":{"line":20,"column":59}}},"10":{"name":"(anonymous_14)","decl":{"start":{"line":21,"column":36},"end":{"line":21,"column":39}},"loc":{"start":{"line":21,"column":42},"end":{"line":21,"column":61}}},"11":{"name":"(anonymous_15)","decl":{"start":{"line":29,"column":45},"end":{"line":29,"column":48}},"loc":{"start":{"line":29,"column":51},"end":{"line":29,"column":71}}},"12":{"name":"(anonymous_16)","decl":{"start":{"line":30,"column":30},"end":{"line":30,"column":33}},"loc":{"start":{"line":30,"column":36},"end":{"line":30,"column":41}}},"13":{"name":"(anonymous_17)","decl":{"start":{"line":36,"column":9},"end":{"line":36,"column":10}},"loc":{"start":{"line":36,"column":22},"end":{"line":36,"column":44}}},"14":{"name":"(anonymous_18)","decl":{"start":{"line":41,"column":9},"end":{"line":41,"column":10}},"loc":{"start":{"line":41,"column":22},"end":{"line":41,"column":44}}},"15":{"name":"(anonymous_19)","decl":{"start":{"line":61,"column":9},"end":{"line":61,"column":10}},"loc":{"start":{"line":61,"column":22},"end":{"line":61,"column":48}}},"16":{"name":"(anonymous_20)","decl":{"start":{"line":69,"column":9},"end":{"line":69,"column":10}},"loc":{"start":{"line":69,"column":22},"end":{"line":69,"column":48}}},"17":{"name":"(anonymous_21)","decl":{"start":{"line":74,"column":9},"end":{"line":74,"column":10}},"loc":{"start":{"line":74,"column":22},"end":{"line":74,"column":48}}}},"branchMap":{},"s":{"0":0,"1":0,"2":0,"3":0,"4":0,"5":0,"6":0,"7":0,"8":0,"9":0,"10":0,"11":0,"12":0,"13":0,"14":0,"15":0,"16":0,"17":0,"18":0,"19":0,"20":0,"21":0,"22":0,"23":0,"24":0,"25":0,"26":0,"27":0,"28":0,"29":0,"30":0,"31":0},"f":{"0":0,"1":0,"2":0,"3":0,"4":0,"5":0,"6":0,"7":0,"8":0,"9":0,"10":0,"11":0,"12":0,"13":0,"14":0,"15":0,"16":0,"17":0},"b":{}}
,"/home/mblancho/projects/LocalShirt/server/src/article/partner/article.partner.service.ts": {"path":"/home/mblancho/projects/LocalShirt/server/src/article/partner/article.partner.service.ts","statementMap":{"0":{"start":{"line":1,"column":0},"end":{"line":1,"column":65}},"1":{"start":{"line":2,"column":0},"end":{"line":2,"column":47}},"2":{"start":{"line":3,"column":0},"end":{"line":3,"column":43}},"3":{"start":{"line":4,"column":0},"end":{"line":4,"column":62}},"4":{"start":{"line":5,"column":0},"end":{"line":5,"column":51}},"5":{"start":{"line":6,"column":0},"end":{"line":6,"column":82}},"6":{"start":{"line":12,"column":0},"end":{"line":12,"column":37}},"7":{"start":{"line":14,"column":0},"end":{"line":14,"column":63}},"8":{"start":{"line":15,"column":0},"end":{"line":15,"column":69}},"9":{"start":{"line":16,"column":0},"end":{"line":16,"column":29}},"10":{"start":{"line":17,"column":0},"end":{"line":17,"column":65}},"11":{"start":{"line":19,"column":18},"end":{"line":19,"column":42}},"12":{"start":{"line":22,"column":34},"end":{"line":455,"column":null}},"13":{"start":{"line":24,"column":12},"end":{"line":24,"column":20}},"14":{"start":{"line":26,"column":12},"end":{"line":26,"column":31}},"15":{"start":{"line":27,"column":37},"end":{"line":27,"column":54}},"16":{"start":{"line":29,"column":12},"end":{"line":29,"column":32}},"17":{"start":{"line":33,"column":4},"end":{"line":39,"column":5}},"18":{"start":{"line":34,"column":6},"end":{"line":34,"column":18}},"19":{"start":{"line":35,"column":11},"end":{"line":39,"column":5}},"20":{"start":{"line":36,"column":6},"end":{"line":36,"column":19}},"21":{"start":{"line":38,"column":6},"end":{"line":38,"column":26}},"22":{"start":{"line":43,"column":25},"end":{"line":43,"column":42}},"23":{"start":{"line":44,"column":4},"end":{"line":46,"column":5}},"24":{"start":{"line":45,"column":6},"end":{"line":45,"column":18}},"25":{"start":{"line":47,"column":27},"end":{"line":47,"column":46}},"26":{"start":{"line":48,"column":4},"end":{"line":50,"column":5}},"27":{"start":{"line":49,"column":6},"end":{"line":49,"column":18}},"28":{"start":{"line":51,"column":4},"end":{"line":51,"column":17}},"29":{"start":{"line":55,"column":16},"end":{"line":55,"column":39}},"30":{"start":{"line":56,"column":26},"end":{"line":56,"column":69}},"31":{"start":{"line":57,"column":4},"end":{"line":57,"column":22}},"32":{"start":{"line":58,"column":4},"end":{"line":159,"column":5}},"33":{"start":{"line":59,"column":27},"end":{"line":59,"column":54}},"34":{"start":{"line":61,"column":20},"end":{"line":61,"column":36}},"35":{"start":{"line":62,"column":6},"end":{"line":62,"column":31}},"36":{"start":{"line":63,"column":6},"end":{"line":63,"column":29}},"37":{"start":{"line":64,"column":6},"end":{"line":64,"column":53}},"38":{"start":{"line":65,"column":6},"end":{"line":65,"column":61}},"39":{"start":{"line":66,"column":6},"end":{"line":66,"column":43}},"40":{"start":{"line":67,"column":6},"end":{"line":67,"column":55}},"41":{"start":{"line":68,"column":6},"end":{"line":68,"column":31}},"42":{"start":{"line":69,"column":6},"end":{"line":69,"column":43}},"43":{"start":{"line":70,"column":6},"end":{"line":70,"column":39}},"44":{"start":{"line":71,"column":6},"end":{"line":71,"column":27}},"45":{"start":{"line":73,"column":21},"end":{"line":73,"column":42}},"46":{"start":{"line":74,"column":6},"end":{"line":77,"column":7}},"47":{"start":{"line":75,"column":8},"end":{"line":75,"column":67}},"48":{"start":{"line":76,"column":8},"end":{"line":76,"column":59}},"49":{"start":{"line":79,"column":22},"end":{"line":79,"column":42}},"50":{"start":{"line":80,"column":6},"end":{"line":80,"column":34}},"51":{"start":{"line":81,"column":6},"end":{"line":81,"column":32}},"52":{"start":{"line":82,"column":6},"end":{"line":82,"column":53}},"53":{"start":{"line":83,"column":6},"end":{"line":83,"column":55}},"54":{"start":{"line":84,"column":6},"end":{"line":84,"column":57}},"55":{"start":{"line":85,"column":6},"end":{"line":85,"column":41}},"56":{"start":{"line":86,"column":6},"end":{"line":86,"column":34}},"57":{"start":{"line":87,"column":6},"end":{"line":87,"column":46}},"58":{"start":{"line":88,"column":6},"end":{"line":88,"column":42}},"59":{"start":{"line":89,"column":6},"end":{"line":89,"column":42}},"60":{"start":{"line":90,"column":6},"end":{"line":90,"column":46}},"61":{"start":{"line":91,"column":6},"end":{"line":91,"column":58}},"62":{"start":{"line":92,"column":6},"end":{"line":92,"column":34}},"63":{"start":{"line":93,"column":6},"end":{"line":93,"column":30}},"64":{"start":{"line":95,"column":6},"end":{"line":155,"column":7}},"65":{"start":{"line":96,"column":25},"end":{"line":137,"column":42}},"66":{"start":{"line":98,"column":12},"end":{"line":107,"column":14}},"67":{"start":{"line":111,"column":14},"end":{"line":120,"column":16}},"68":{"start":{"line":125,"column":14},"end":{"line":134,"column":16}},"69":{"start":{"line":138,"column":8},"end":{"line":142,"column":10}},"70":{"start":{"line":143,"column":8},"end":{"line":147,"column":10}},"71":{"start":{"line":148,"column":8},"end":{"line":148,"column":97}},"72":{"start":{"line":150,"column":8},"end":{"line":150,"column":51}},"73":{"start":{"line":151,"column":8},"end":{"line":151,"column":80}},"74":{"start":{"line":153,"column":8},"end":{"line":153,"column":29}},"75":{"start":{"line":154,"column":8},"end":{"line":154,"column":74}},"76":{"start":{"line":157,"column":6},"end":{"line":157,"column":25}},"77":{"start":{"line":158,"column":6},"end":{"line":158,"column":55}},"78":{"start":{"line":160,"column":4},"end":{"line":160,"column":76}},"79":{"start":{"line":164,"column":21},"end":{"line":164,"column":33}},"80":{"start":{"line":165,"column":20},"end":{"line":167,"column":6}},"81":{"start":{"line":168,"column":16},"end":{"line":168,"column":39}},"82":{"start":{"line":169,"column":26},"end":{"line":169,"column":69}},"83":{"start":{"line":171,"column":4},"end":{"line":181,"column":5}},"84":{"start":{"line":172,"column":27},"end":{"line":172,"column":54}},"85":{"start":{"line":173,"column":6},"end":{"line":178,"column":7}},"86":{"start":{"line":174,"column":8},"end":{"line":174,"column":56}},"87":{"start":{"line":175,"column":8},"end":{"line":175,"column":79}},"88":{"start":{"line":177,"column":8},"end":{"line":177,"column":68}},"89":{"start":{"line":180,"column":6},"end":{"line":180,"column":78}},"90":{"start":{"line":189,"column":15},"end":{"line":189,"column":20}},"91":{"start":{"line":191,"column":16},"end":{"line":191,"column":39}},"92":{"start":{"line":192,"column":26},"end":{"line":192,"column":69}},"93":{"start":{"line":194,"column":18},"end":{"line":194,"column":34}},"94":{"start":{"line":195,"column":4},"end":{"line":195,"column":29}},"95":{"start":{"line":196,"column":4},"end":{"line":196,"column":27}},"96":{"start":{"line":197,"column":4},"end":{"line":197,"column":51}},"97":{"start":{"line":198,"column":4},"end":{"line":198,"column":41}},"98":{"start":{"line":199,"column":4},"end":{"line":199,"column":37}},"99":{"start":{"line":200,"column":4},"end":{"line":200,"column":59}},"100":{"start":{"line":201,"column":4},"end":{"line":201,"column":41}},"101":{"start":{"line":202,"column":4},"end":{"line":202,"column":53}},"102":{"start":{"line":203,"column":4},"end":{"line":203,"column":29}},"103":{"start":{"line":205,"column":19},"end":{"line":205,"column":40}},"104":{"start":{"line":207,"column":4},"end":{"line":210,"column":5}},"105":{"start":{"line":208,"column":6},"end":{"line":208,"column":65}},"106":{"start":{"line":209,"column":6},"end":{"line":209,"column":57}},"107":{"start":{"line":212,"column":4},"end":{"line":250,"column":5}},"108":{"start":{"line":213,"column":27},"end":{"line":213,"column":54}},"109":{"start":{"line":214,"column":22},"end":{"line":216,"column":8}},"110":{"start":{"line":218,"column":6},"end":{"line":220,"column":7}},"111":{"start":{"line":219,"column":8},"end":{"line":219,"column":68}},"112":{"start":{"line":221,"column":6},"end":{"line":247,"column":7}},"113":{"start":{"line":222,"column":8},"end":{"line":222,"column":36}},"114":{"start":{"line":223,"column":8},"end":{"line":223,"column":34}},"115":{"start":{"line":224,"column":8},"end":{"line":224,"column":55}},"116":{"start":{"line":225,"column":8},"end":{"line":225,"column":57}},"117":{"start":{"line":226,"column":8},"end":{"line":226,"column":59}},"118":{"start":{"line":227,"column":8},"end":{"line":227,"column":57}},"119":{"start":{"line":228,"column":8},"end":{"line":228,"column":48}},"120":{"start":{"line":229,"column":8},"end":{"line":229,"column":44}},"121":{"start":{"line":230,"column":8},"end":{"line":230,"column":65}},"122":{"start":{"line":231,"column":8},"end":{"line":231,"column":48}},"123":{"start":{"line":232,"column":8},"end":{"line":232,"column":60}},"124":{"start":{"line":233,"column":8},"end":{"line":233,"column":36}},"125":{"start":{"line":234,"column":8},"end":{"line":234,"column":51}},"126":{"start":{"line":235,"column":8},"end":{"line":235,"column":20}},"127":{"start":{"line":237,"column":8},"end":{"line":244,"column":9}},"128":{"start":{"line":238,"column":10},"end":{"line":241,"column":12}},"129":{"start":{"line":243,"column":10},"end":{"line":243,"column":67}},"130":{"start":{"line":246,"column":8},"end":{"line":246,"column":80}},"131":{"start":{"line":249,"column":6},"end":{"line":249,"column":63}},"132":{"start":{"line":256,"column":28},"end":{"line":270,"column":6}},"133":{"start":{"line":272,"column":22},"end":{"line":278,"column":6}},"134":{"start":{"line":280,"column":25},"end":{"line":280,"column":43}},"135":{"start":{"line":281,"column":43},"end":{"line":281,"column":45}},"136":{"start":{"line":283,"column":4},"end":{"line":307,"column":7}},"137":{"start":{"line":284,"column":42},"end":{"line":285,"column":null}},"138":{"start":{"line":287,"column":20},"end":{"line":287,"column":52}},"139":{"start":{"line":289,"column":6},"end":{"line":295,"column":7}},"140":{"start":{"line":290,"column":8},"end":{"line":294,"column":10}},"141":{"start":{"line":297,"column":27},"end":{"line":297,"column":39}},"142":{"start":{"line":298,"column":31},"end":{"line":298,"column":67}},"143":{"start":{"line":300,"column":6},"end":{"line":306,"column":7}},"144":{"start":{"line":301,"column":8},"end":{"line":301,"column":73}},"145":{"start":{"line":303,"column":8},"end":{"line":305,"column":10}},"146":{"start":{"line":309,"column":24},"end":{"line":309,"column":53}},"147":{"start":{"line":311,"column":4},"end":{"line":337,"column":5}},"148":{"start":{"line":312,"column":31},"end":{"line":315,"column":18}},"149":{"start":{"line":317,"column":28},"end":{"line":324,"column":9}},"150":{"start":{"line":317,"column":62},"end":{"line":323,"column":null}},"151":{"start":{"line":326,"column":6},"end":{"line":330,"column":8}},"152":{"start":{"line":332,"column":6},"end":{"line":336,"column":8}},"153":{"start":{"line":341,"column":28},"end":{"line":344,"column":9}},"154":{"start":{"line":342,"column":19},"end":{"line":342,"column":38}},"155":{"start":{"line":343,"column":6},"end":{"line":343,"column":31}},"156":{"start":{"line":346,"column":4},"end":{"line":346,"column":38}},"157":{"start":{"line":350,"column":4},"end":{"line":390,"column":5}},"158":{"start":{"line":351,"column":25},"end":{"line":351,"column":34}},"159":{"start":{"line":353,"column":21},"end":{"line":356,"column":16}},"160":{"start":{"line":359,"column":31},"end":{"line":368,"column":8}},"161":{"start":{"line":360,"column":27},"end":{"line":360,"column":50}},"162":{"start":{"line":362,"column":6},"end":{"line":364,"column":7}},"163":{"start":{"line":363,"column":8},"end":{"line":363,"column":21}},"164":{"start":{"line":365,"column":25},"end":{"line":365,"column":93}},"165":{"start":{"line":366,"column":8},"end":{"line":366,"column":72}},"166":{"start":{"line":367,"column":8},"end":{"line":367,"column":42}},"167":{"start":{"line":370,"column":28},"end":{"line":377,"column":9}},"168":{"start":{"line":370,"column":62},"end":{"line":376,"column":null}},"169":{"start":{"line":379,"column":6},"end":{"line":383,"column":8}},"170":{"start":{"line":385,"column":6},"end":{"line":389,"column":8}},"171":{"start":{"line":394,"column":16},"end":{"line":394,"column":39}},"172":{"start":{"line":395,"column":26},"end":{"line":395,"column":69}},"173":{"start":{"line":396,"column":25},"end":{"line":396,"column":52}},"174":{"start":{"line":397,"column":4},"end":{"line":427,"column":5}},"175":{"start":{"line":398,"column":31},"end":{"line":400,"column":8}},"176":{"start":{"line":401,"column":6},"end":{"line":407,"column":7}},"177":{"start":{"line":402,"column":8},"end":{"line":406,"column":10}},"178":{"start":{"line":408,"column":28},"end":{"line":415,"column":9}},"179":{"start":{"line":408,"column":62},"end":{"line":414,"column":null}},"180":{"start":{"line":416,"column":6},"end":{"line":420,"column":8}},"181":{"start":{"line":422,"column":6},"end":{"line":426,"column":8}},"182":{"start":{"line":431,"column":4},"end":{"line":453,"column":5}},"183":{"start":{"line":432,"column":23},"end":{"line":432,"column":58}},"184":{"start":{"line":434,"column":34},"end":{"line":441,"column":9}},"185":{"start":{"line":434,"column":60},"end":{"line":440,"column":null}},"186":{"start":{"line":442,"column":6},"end":{"line":446,"column":8}},"187":{"start":{"line":448,"column":6},"end":{"line":452,"column":8}},"188":{"start":{"line":22,"column":13},"end":{"line":22,"column":34}},"189":{"start":{"line":22,"column":13},"end":{"line":455,"column":null}}},"fnMap":{"0":{"name":"(anonymous_4)","decl":{"start":{"line":23,"column":2},"end":{"line":23,"column":null}},"loc":{"start":{"line":29,"column":52},"end":{"line":30,"column":6}}},"1":{"name":"(anonymous_5)","decl":{"start":{"line":32,"column":2},"end":{"line":32,"column":17}},"loc":{"start":{"line":32,"column":51},"end":{"line":40,"column":3}}},"2":{"name":"(anonymous_6)","decl":{"start":{"line":42,"column":2},"end":{"line":42,"column":19}},"loc":{"start":{"line":42,"column":33},"end":{"line":52,"column":3}}},"3":{"name":"(anonymous_7)","decl":{"start":{"line":54,"column":2},"end":{"line":54,"column":7}},"loc":{"start":{"line":54,"column":34},"end":{"line":161,"column":3}}},"4":{"name":"(anonymous_8)","decl":{"start":{"line":97,"column":15},"end":{"line":97,"column":16}},"loc":{"start":{"line":97,"column":28},"end":{"line":108,"column":11}}},"5":{"name":"(anonymous_9)","decl":{"start":{"line":110,"column":46},"end":{"line":110,"column":47}},"loc":{"start":{"line":110,"column":59},"end":{"line":121,"column":13}}},"6":{"name":"(anonymous_10)","decl":{"start":{"line":124,"column":45},"end":{"line":124,"column":46}},"loc":{"start":{"line":124,"column":58},"end":{"line":135,"column":13}}},"7":{"name":"(anonymous_11)","decl":{"start":{"line":163,"column":2},"end":{"line":163,"column":7}},"loc":{"start":{"line":163,"column":35},"end":{"line":182,"column":3}}},"8":{"name":"(anonymous_12)","decl":{"start":{"line":184,"column":2},"end":{"line":184,"column":7}},"loc":{"start":{"line":187,"column":12},"end":{"line":251,"column":3}}},"9":{"name":"(anonymous_13)","decl":{"start":{"line":253,"column":2},"end":{"line":253,"column":7}},"loc":{"start":{"line":254,"column":19},"end":{"line":338,"column":3}}},"10":{"name":"(anonymous_14)","decl":{"start":{"line":283,"column":25},"end":{"line":283,"column":26}},"loc":{"start":{"line":283,"column":36},"end":{"line":307,"column":5}}},"11":{"name":"(anonymous_15)","decl":{"start":{"line":317,"column":49},"end":{"line":317,"column":50}},"loc":{"start":{"line":317,"column":62},"end":{"line":323,"column":null}}},"12":{"name":"(anonymous_16)","decl":{"start":{"line":340,"column":2},"end":{"line":340,"column":8}},"loc":{"start":{"line":340,"column":64},"end":{"line":347,"column":3}}},"13":{"name":"(anonymous_17)","decl":{"start":{"line":341,"column":42},"end":{"line":341,"column":43}},"loc":{"start":{"line":341,"column":62},"end":{"line":344,"column":5}}},"14":{"name":"(anonymous_18)","decl":{"start":{"line":349,"column":2},"end":{"line":349,"column":7}},"loc":{"start":{"line":349,"column":86},"end":{"line":391,"column":3}}},"15":{"name":"(anonymous_19)","decl":{"start":{"line":359,"column":45},"end":{"line":359,"column":46}},"loc":{"start":{"line":359,"column":57},"end":{"line":368,"column":7}}},"16":{"name":"(anonymous_20)","decl":{"start":{"line":370,"column":49},"end":{"line":370,"column":50}},"loc":{"start":{"line":370,"column":62},"end":{"line":376,"column":null}}},"17":{"name":"(anonymous_21)","decl":{"start":{"line":393,"column":2},"end":{"line":393,"column":7}},"loc":{"start":{"line":393,"column":36},"end":{"line":428,"column":3}}},"18":{"name":"(anonymous_22)","decl":{"start":{"line":408,"column":49},"end":{"line":408,"column":50}},"loc":{"start":{"line":408,"column":62},"end":{"line":414,"column":null}}},"19":{"name":"(anonymous_23)","decl":{"start":{"line":430,"column":2},"end":{"line":430,"column":7}},"loc":{"start":{"line":430,"column":29},"end":{"line":454,"column":3}}},"20":{"name":"(anonymous_24)","decl":{"start":{"line":434,"column":47},"end":{"line":434,"column":48}},"loc":{"start":{"line":434,"column":60},"end":{"line":440,"column":null}}}},"branchMap":{"0":{"loc":{"start":{"line":32,"column":31},"end":{"line":32,"column":51}},"type":"default-arg","locations":[{"start":{"line":32,"column":46},"end":{"line":32,"column":51}}]},"1":{"loc":{"start":{"line":33,"column":4},"end":{"line":39,"column":5}},"type":"if","locations":[{"start":{"line":33,"column":4},"end":{"line":39,"column":5}},{"start":{"line":35,"column":11},"end":{"line":39,"column":5}}]},"2":{"loc":{"start":{"line":35,"column":11},"end":{"line":39,"column":5}},"type":"if","locations":[{"start":{"line":35,"column":11},"end":{"line":39,"column":5}},{"start":{"line":37,"column":11},"end":{"line":39,"column":5}}]},"3":{"loc":{"start":{"line":44,"column":4},"end":{"line":46,"column":5}},"type":"if","locations":[{"start":{"line":44,"column":4},"end":{"line":46,"column":5}}]},"4":{"loc":{"start":{"line":48,"column":4},"end":{"line":50,"column":5}},"type":"if","locations":[{"start":{"line":48,"column":4},"end":{"line":50,"column":5}}]},"5":{"loc":{"start":{"line":48,"column":8},"end":{"line":48,"column":63}},"type":"binary-expr","locations":[{"start":{"line":48,"column":8},"end":{"line":48,"column":33}},{"start":{"line":48,"column":37},"end":{"line":48,"column":63}}]},"6":{"loc":{"start":{"line":56,"column":26},"end":{"line":56,"column":69}},"type":"cond-expr","locations":[{"start":{"line":56,"column":63},"end":{"line":56,"column":67}},{"start":{"line":56,"column":67},"end":{"line":56,"column":69}}]},"7":{"loc":{"start":{"line":56,"column":26},"end":{"line":56,"column":67}},"type":"binary-expr","locations":[{"start":{"line":56,"column":26},"end":{"line":56,"column":67}},{"start":{"line":56,"column":63},"end":{"line":56,"column":67}}]},"8":{"loc":{"start":{"line":56,"column":26},"end":{"line":56,"column":63}},"type":"cond-expr","locations":[{"start":{"line":56,"column":51},"end":{"line":56,"column":53}},{"start":{"line":56,"column":51},"end":{"line":56,"column":63}}]},"9":{"loc":{"start":{"line":56,"column":26},"end":{"line":56,"column":53}},"type":"binary-expr","locations":[{"start":{"line":56,"column":26},"end":{"line":56,"column":53}},{"start":{"line":56,"column":51},"end":{"line":56,"column":53}}]},"10":{"loc":{"start":{"line":74,"column":6},"end":{"line":77,"column":7}},"type":"if","locations":[{"start":{"line":74,"column":6},"end":{"line":77,"column":7}}]},"11":{"loc":{"start":{"line":169,"column":26},"end":{"line":169,"column":69}},"type":"cond-expr","locations":[{"start":{"line":169,"column":63},"end":{"line":169,"column":67}},{"start":{"line":169,"column":67},"end":{"line":169,"column":69}}]},"12":{"loc":{"start":{"line":169,"column":26},"end":{"line":169,"column":67}},"type":"binary-expr","locations":[{"start":{"line":169,"column":26},"end":{"line":169,"column":67}},{"start":{"line":169,"column":63},"end":{"line":169,"column":67}}]},"13":{"loc":{"start":{"line":169,"column":26},"end":{"line":169,"column":63}},"type":"cond-expr","locations":[{"start":{"line":169,"column":51},"end":{"line":169,"column":53}},{"start":{"line":169,"column":51},"end":{"line":169,"column":63}}]},"14":{"loc":{"start":{"line":169,"column":26},"end":{"line":169,"column":53}},"type":"binary-expr","locations":[{"start":{"line":169,"column":26},"end":{"line":169,"column":53}},{"start":{"line":169,"column":51},"end":{"line":169,"column":53}}]},"15":{"loc":{"start":{"line":173,"column":6},"end":{"line":178,"column":7}},"type":"if","locations":[{"start":{"line":173,"column":6},"end":{"line":178,"column":7}},{"start":{"line":176,"column":13},"end":{"line":178,"column":7}}]},"16":{"loc":{"start":{"line":173,"column":10},"end":{"line":173,"column":59}},"type":"binary-expr","locations":[{"start":{"line":173,"column":10},"end":{"line":173,"column":17}},{"start":{"line":173,"column":21},"end":{"line":173,"column":59}}]},"17":{"loc":{"start":{"line":192,"column":26},"end":{"line":192,"column":69}},"type":"cond-expr","locations":[{"start":{"line":192,"column":63},"end":{"line":192,"column":67}},{"start":{"line":192,"column":67},"end":{"line":192,"column":69}}]},"18":{"loc":{"start":{"line":192,"column":26},"end":{"line":192,"column":67}},"type":"binary-expr","locations":[{"start":{"line":192,"column":26},"end":{"line":192,"column":67}},{"start":{"line":192,"column":63},"end":{"line":192,"column":67}}]},"19":{"loc":{"start":{"line":192,"column":26},"end":{"line":192,"column":63}},"type":"cond-expr","locations":[{"start":{"line":192,"column":51},"end":{"line":192,"column":53}},{"start":{"line":192,"column":51},"end":{"line":192,"column":63}}]},"20":{"loc":{"start":{"line":192,"column":26},"end":{"line":192,"column":53}},"type":"binary-expr","locations":[{"start":{"line":192,"column":26},"end":{"line":192,"column":53}},{"start":{"line":192,"column":51},"end":{"line":192,"column":53}}]},"21":{"loc":{"start":{"line":207,"column":4},"end":{"line":210,"column":5}},"type":"if","locations":[{"start":{"line":207,"column":4},"end":{"line":210,"column":5}}]},"22":{"loc":{"start":{"line":218,"column":6},"end":{"line":220,"column":7}},"type":"if","locations":[{"start":{"line":218,"column":6},"end":{"line":220,"column":7}}]},"23":{"loc":{"start":{"line":221,"column":6},"end":{"line":247,"column":7}},"type":"if","locations":[{"start":{"line":221,"column":6},"end":{"line":247,"column":7}},{"start":{"line":245,"column":13},"end":{"line":247,"column":7}}]},"24":{"loc":{"start":{"line":237,"column":8},"end":{"line":244,"column":9}},"type":"if","locations":[{"start":{"line":237,"column":8},"end":{"line":244,"column":9}},{"start":{"line":242,"column":15},"end":{"line":244,"column":9}}]},"25":{"loc":{"start":{"line":289,"column":6},"end":{"line":295,"column":7}},"type":"if","locations":[{"start":{"line":289,"column":6},"end":{"line":295,"column":7}}]},"26":{"loc":{"start":{"line":300,"column":6},"end":{"line":306,"column":7}},"type":"if","locations":[{"start":{"line":300,"column":6},"end":{"line":306,"column":7}},{"start":{"line":302,"column":13},"end":{"line":306,"column":7}}]},"27":{"loc":{"start":{"line":300,"column":10},"end":{"line":300,"column":63}},"type":"binary-expr","locations":[{"start":{"line":300,"column":10},"end":{"line":300,"column":35}},{"start":{"line":300,"column":39},"end":{"line":300,"column":63}}]},"28":{"loc":{"start":{"line":349,"column":59},"end":{"line":349,"column":86}},"type":"default-arg","locations":[{"start":{"line":349,"column":84},"end":{"line":349,"column":86}}]},"29":{"loc":{"start":{"line":362,"column":6},"end":{"line":364,"column":7}},"type":"if","locations":[{"start":{"line":362,"column":6},"end":{"line":364,"column":7}}]},"30":{"loc":{"start":{"line":395,"column":26},"end":{"line":395,"column":69}},"type":"cond-expr","locations":[{"start":{"line":395,"column":63},"end":{"line":395,"column":67}},{"start":{"line":395,"column":67},"end":{"line":395,"column":69}}]},"31":{"loc":{"start":{"line":395,"column":26},"end":{"line":395,"column":67}},"type":"binary-expr","locations":[{"start":{"line":395,"column":26},"end":{"line":395,"column":67}},{"start":{"line":395,"column":63},"end":{"line":395,"column":67}}]},"32":{"loc":{"start":{"line":395,"column":26},"end":{"line":395,"column":63}},"type":"cond-expr","locations":[{"start":{"line":395,"column":51},"end":{"line":395,"column":53}},{"start":{"line":395,"column":51},"end":{"line":395,"column":63}}]},"33":{"loc":{"start":{"line":395,"column":26},"end":{"line":395,"column":53}},"type":"binary-expr","locations":[{"start":{"line":395,"column":26},"end":{"line":395,"column":53}},{"start":{"line":395,"column":51},"end":{"line":395,"column":53}}]},"34":{"loc":{"start":{"line":401,"column":6},"end":{"line":407,"column":7}},"type":"if","locations":[{"start":{"line":401,"column":6},"end":{"line":407,"column":7}}]}},"s":{"0":0,"1":0,"2":0,"3":0,"4":0,"5":0,"6":0,"7":0,"8":0,"9":0,"10":0,"11":0,"12":0,"13":0,"14":0,"15":0,"16":0,"17":0,"18":0,"19":0,"20":0,"21":0,"22":0,"23":0,"24":0,"25":0,"26":0,"27":0,"28":0,"29":0,"30":0,"31":0,"32":0,"33":0,"34":0,"35":0,"36":0,"37":0,"38":0,"39":0,"40":0,"41":0,"42":0,"43":0,"44":0,"45":0,"46":0,"47":0,"48":0,"49":0,"50":0,"51":0,"52":0,"53":0,"54":0,"55":0,"56":0,"57":0,"58":0,"59":0,"60":0,"61":0,"62":0,"63":0,"64":0,"65":0,"66":0,"67":0,"68":0,"69":0,"70":0,"71":0,"72":0,"73":0,"74":0,"75":0,"76":0,"77":0,"78":0,"79":0,"80":0,"81":0,"82":0,"83":0,"84":0,"85":0,"86":0,"87":0,"88":0,"89":0,"90":0,"91":0,"92":0,"93":0,"94":0,"95":0,"96":0,"97":0,"98":0,"99":0,"100":0,"101":0,"102":0,"103":0,"104":0,"105":0,"106":0,"107":0,"108":0,"109":0,"110":0,"111":0,"112":0,"113":0,"114":0,"115":0,"116":0,"117":0,"118":0,"119":0,"120":0,"121":0,"122":0,"123":0,"124":0,"125":0,"126":0,"127":0,"128":0,"129":0,"130":0,"131":0,"132":0,"133":0,"134":0,"135":0,"136":0,"137":0,"138":0,"139":0,"140":0,"141":0,"142":0,"143":0,"144":0,"145":0,"146":0,"147":0,"148":0,"149":0,"150":0,"151":0,"152":0,"153":0,"154":0,"155":0,"156":0,"157":0,"158":0,"159":0,"160":0,"161":0,"162":0,"163":0,"164":0,"165":0,"166":0,"167":0,"168":0,"169":0,"170":0,"171":0,"172":0,"173":0,"174":0,"175":0,"176":0,"177":0,"178":0,"179":0,"180":0,"181":0,"182":0,"183":0,"184":0,"185":0,"186":0,"187":0,"188":0,"189":0},"f":{"0":0,"1":0,"2":0,"3":0,"4":0,"5":0,"6":0,"7":0,"8":0,"9":0,"10":0,"11":0,"12":0,"13":0,"14":0,"15":0,"16":0,"17":0,"18":0,"19":0,"20":0},"b":{"0":[0],"1":[0,0],"2":[0,0],"3":[0],"4":[0],"5":[0,0],"6":[0,0],"7":[0,0],"8":[0,0],"9":[0,0],"10":[0],"11":[0,0],"12":[0,0],"13":[0,0],"14":[0,0],"15":[0,0],"16":[0,0],"17":[0,0],"18":[0,0],"19":[0,0],"20":[0,0],"21":[0],"22":[0],"23":[0,0],"24":[0,0],"25":[0],"26":[0,0],"27":[0,0],"28":[0],"29":[0],"30":[0,0],"31":[0,0],"32":[0,0],"33":[0,0],"34":[0]}}
,"/home/mblancho/projects/LocalShirt/server/src/article/partner/dto/article.dto.ts": {"path":"/home/mblancho/projects/LocalShirt/server/src/article/partner/dto/article.dto.ts","statementMap":{"0":{"start":{"line":1,"column":0},"end":{"line":1,"column":99}},"1":{"start":{"line":3,"column":0},"end":{"line":3,"column":13}},"2":{"start":{"line":5,"column":2},"end":{"line":5,"column":null}},"3":{"start":{"line":7,"column":2},"end":{"line":7,"column":null}},"4":{"start":{"line":9,"column":2},"end":{"line":9,"column":null}},"5":{"start":{"line":13,"column":2},"end":{"line":13,"column":null}},"6":{"start":{"line":15,"column":2},"end":{"line":15,"column":null}},"7":{"start":{"line":17,"column":2},"end":{"line":17,"column":null}},"8":{"start":{"line":19,"column":2},"end":{"line":19,"column":null}},"9":{"start":{"line":23,"column":2},"end":{"line":23,"column":null}}},"fnMap":{},"branchMap":{},"s":{"0":0,"1":0,"2":0,"3":0,"4":0,"5":0,"6":0,"7":0,"8":0,"9":0},"f":{},"b":{}}
,"/home/mblancho/projects/LocalShirt/server/src/article/web/article.web.model.ts": {"path":"/home/mblancho/projects/LocalShirt/server/src/article/web/article.web.model.ts","statementMap":{"0":{"start":{"line":1,"column":0},"end":{"line":1,"column":52}},"1":{"start":{"line":6,"column":7},"end":{"line":12,"column":null}},"2":{"start":{"line":6,"column":13},"end":{"line":6,"column":31}},"3":{"start":{"line":8,"column":2},"end":{"line":8,"column":null}},"4":{"start":{"line":11,"column":2},"end":{"line":11,"column":null}},"5":{"start":{"line":6,"column":13},"end":{"line":12,"column":null}},"6":{"start":{"line":15,"column":0},"end":{"line":21,"column":null}},"7":{"start":{"line":17,"column":2},"end":{"line":17,"column":null}},"8":{"start":{"line":16,"column":15},"end":{"line":16,"column":26}},"9":{"start":{"line":20,"column":2},"end":{"line":20,"column":null}},"10":{"start":{"line":15,"column":6},"end":{"line":21,"column":null}},"11":{"start":{"line":24,"column":0},"end":{"line":30,"column":null}},"12":{"start":{"line":26,"column":2},"end":{"line":26,"column":null}},"13":{"start":{"line":25,"column":15},"end":{"line":25,"column":23}},"14":{"start":{"line":29,"column":2},"end":{"line":29,"column":null}},"15":{"start":{"line":24,"column":6},"end":{"line":30,"column":null}},"16":{"start":{"line":33,"column":0},"end":{"line":36,"column":null}},"17":{"start":{"line":35,"column":2},"end":{"line":35,"column":null}},"18":{"start":{"line":33,"column":6},"end":{"line":36,"column":null}},"19":{"start":{"line":39,"column":0},"end":{"line":45,"column":null}},"20":{"start":{"line":41,"column":2},"end":{"line":41,"column":null}},"21":{"start":{"line":44,"column":2},"end":{"line":44,"column":null}},"22":{"start":{"line":39,"column":6},"end":{"line":45,"column":null}},"23":{"start":{"line":48,"column":0},"end":{"line":54,"column":null}},"24":{"start":{"line":50,"column":2},"end":{"line":50,"column":null}},"25":{"start":{"line":53,"column":2},"end":{"line":53,"column":null}},"26":{"start":{"line":48,"column":6},"end":{"line":54,"column":null}},"27":{"start":{"line":57,"column":7},"end":{"line":99,"column":null}},"28":{"start":{"line":57,"column":13},"end":{"line":57,"column":29}},"29":{"start":{"line":59,"column":2},"end":{"line":59,"column":null}},"30":{"start":{"line":62,"column":2},"end":{"line":62,"column":null}},"31":{"start":{"line":65,"column":2},"end":{"line":65,"column":null}},"32":{"start":{"line":68,"column":2},"end":{"line":68,"column":null}},"33":{"start":{"line":71,"column":2},"end":{"line":71,"column":null}},"34":{"start":{"line":70,"column":15},"end":{"line":70,"column":26}},"35":{"start":{"line":74,"column":2},"end":{"line":74,"column":null}},"36":{"start":{"line":77,"column":2},"end":{"line":77,"column":null}},"37":{"start":{"line":80,"column":2},"end":{"line":80,"column":null}},"38":{"start":{"line":83,"column":2},"end":{"line":83,"column":null}},"39":{"start":{"line":82,"column":15},"end":{"line":82,"column":24}},"40":{"start":{"line":86,"column":2},"end":{"line":86,"column":null}},"41":{"start":{"line":85,"column":15},"end":{"line":85,"column":25}},"42":{"start":{"line":89,"column":2},"end":{"line":89,"column":null}},"43":{"start":{"line":88,"column":15},"end":{"line":88,"column":26}},"44":{"start":{"line":92,"column":2},"end":{"line":92,"column":null}},"45":{"start":{"line":95,"column":2},"end":{"line":95,"column":null}},"46":{"start":{"line":98,"column":2},"end":{"line":98,"column":null}},"47":{"start":{"line":57,"column":13},"end":{"line":99,"column":null}}},"fnMap":{"0":{"name":"(anonymous_2)","decl":{"start":{"line":16,"column":9},"end":{"line":16,"column":12}},"loc":{"start":{"line":16,"column":15},"end":{"line":16,"column":26}}},"1":{"name":"(anonymous_3)","decl":{"start":{"line":25,"column":9},"end":{"line":25,"column":12}},"loc":{"start":{"line":25,"column":15},"end":{"line":25,"column":23}}},"2":{"name":"(anonymous_4)","decl":{"start":{"line":70,"column":9},"end":{"line":70,"column":12}},"loc":{"start":{"line":70,"column":15},"end":{"line":70,"column":26}}},"3":{"name":"(anonymous_5)","decl":{"start":{"line":82,"column":9},"end":{"line":82,"column":12}},"loc":{"start":{"line":82,"column":15},"end":{"line":82,"column":24}}},"4":{"name":"(anonymous_6)","decl":{"start":{"line":85,"column":9},"end":{"line":85,"column":12}},"loc":{"start":{"line":85,"column":15},"end":{"line":85,"column":25}}},"5":{"name":"(anonymous_7)","decl":{"start":{"line":88,"column":9},"end":{"line":88,"column":12}},"loc":{"start":{"line":88,"column":15},"end":{"line":88,"column":26}}}},"branchMap":{},"s":{"0":0,"1":0,"2":0,"3":0,"4":0,"5":0,"6":0,"7":0,"8":0,"9":0,"10":0,"11":0,"12":0,"13":0,"14":0,"15":0,"16":0,"17":0,"18":0,"19":0,"20":0,"21":0,"22":0,"23":0,"24":0,"25":0,"26":0,"27":0,"28":0,"29":0,"30":0,"31":0,"32":0,"33":0,"34":0,"35":0,"36":0,"37":0,"38":0,"39":0,"40":0,"41":0,"42":0,"43":0,"44":0,"45":0,"46":0,"47":0},"f":{"0":0,"1":0,"2":0,"3":0,"4":0,"5":0},"b":{}}
,"/home/mblancho/projects/LocalShirt/server/src/article/web/article.web.module.ts": {"path":"/home/mblancho/projects/LocalShirt/server/src/article/web/article.web.module.ts","statementMap":{"0":{"start":{"line":1,"column":0},"end":{"line":1,"column":40}},"1":{"start":{"line":2,"column":0},"end":{"line":2,"column":61}},"2":{"start":{"line":3,"column":0},"end":{"line":3,"column":40}},"3":{"start":{"line":4,"column":0},"end":{"line":4,"column":48}},"4":{"start":{"line":5,"column":0},"end":{"line":5,"column":50}},"5":{"start":{"line":6,"column":0},"end":{"line":6,"column":58}},"6":{"start":{"line":7,"column":0},"end":{"line":7,"column":70}},"7":{"start":{"line":8,"column":0},"end":{"line":8,"column":58}},"8":{"start":{"line":9,"column":0},"end":{"line":9,"column":60}},"9":{"start":{"line":10,"column":0},"end":{"line":10,"column":65}},"10":{"start":{"line":34,"column":7},"end":{"line":34,"column":null}},"11":{"start":{"line":34,"column":13},"end":{"line":34,"column":29}},"12":{"start":{"line":34,"column":13},"end":{"line":34,"column":null}},"13":{"start":{"line":21,"column":8},"end":{"line":25,"column":10}}},"fnMap":{"0":{"name":"(anonymous_1)","decl":{"start":{"line":20,"column":18},"end":{"line":20,"column":19}},"loc":{"start":{"line":20,"column":51},"end":{"line":26,"column":7}}}},"branchMap":{},"s":{"0":0,"1":0,"2":0,"3":0,"4":0,"5":0,"6":0,"7":0,"8":0,"9":0,"10":0,"11":0,"12":0,"13":0},"f":{"0":0},"b":{}}
,"/home/mblancho/projects/LocalShirt/server/src/article/web/article.web.resolver.ts": {"path":"/home/mblancho/projects/LocalShirt/server/src/article/web/article.web.resolver.ts","statementMap":{"0":{"start":{"line":1,"column":0},"end":{"line":1,"column":66}},"1":{"start":{"line":2,"column":0},"end":{"line":2,"column":58}},"2":{"start":{"line":3,"column":0},"end":{"line":3,"column":57}},"3":{"start":{"line":6,"column":7},"end":{"line":79,"column":null}},"4":{"start":{"line":7,"column":22},"end":{"line":7,"column":41}},"5":{"start":{"line":22,"column":4},"end":{"line":33,"column":7}},"6":{"start":{"line":50,"column":4},"end":{"line":62,"column":7}},"7":{"start":{"line":67,"column":4},"end":{"line":67,"column":49}},"8":{"start":{"line":72,"column":4},"end":{"line":72,"column":55}},"9":{"start":{"line":77,"column":4},"end":{"line":77,"column":65}},"10":{"start":{"line":6,"column":13},"end":{"line":6,"column":31}},"11":{"start":{"line":10,"column":8},"end":{"line":34,"column":null}},"12":{"start":{"line":9,"column":22},"end":{"line":9,"column":40}},"13":{"start":{"line":18,"column":36},"end":{"line":18,"column":41}},"14":{"start":{"line":37,"column":8},"end":{"line":63,"column":null}},"15":{"start":{"line":36,"column":22},"end":{"line":36,"column":40}},"16":{"start":{"line":66,"column":8},"end":{"line":68,"column":null}},"17":{"start":{"line":65,"column":22},"end":{"line":65,"column":40}},"18":{"start":{"line":71,"column":8},"end":{"line":73,"column":null}},"19":{"start":{"line":70,"column":22},"end":{"line":70,"column":40}},"20":{"start":{"line":76,"column":8},"end":{"line":78,"column":null}},"21":{"start":{"line":75,"column":22},"end":{"line":75,"column":29}},"22":{"start":{"line":6,"column":13},"end":{"line":79,"column":null}}},"fnMap":{"0":{"name":"(anonymous_4)","decl":{"start":{"line":7,"column":2},"end":{"line":7,"column":22}},"loc":{"start":{"line":7,"column":58},"end":{"line":7,"column":62}}},"1":{"name":"(anonymous_5)","decl":{"start":{"line":10,"column":2},"end":{"line":10,"column":7}},"loc":{"start":{"line":20,"column":30},"end":{"line":34,"column":3}}},"2":{"name":"(anonymous_6)","decl":{"start":{"line":37,"column":2},"end":{"line":37,"column":7}},"loc":{"start":{"line":48,"column":30},"end":{"line":63,"column":3}}},"3":{"name":"(anonymous_7)","decl":{"start":{"line":66,"column":2},"end":{"line":66,"column":7}},"loc":{"start":{"line":66,"column":51},"end":{"line":68,"column":3}}},"4":{"name":"(anonymous_8)","decl":{"start":{"line":71,"column":2},"end":{"line":71,"column":7}},"loc":{"start":{"line":71,"column":60},"end":{"line":73,"column":3}}},"5":{"name":"(anonymous_9)","decl":{"start":{"line":76,"column":2},"end":{"line":76,"column":7}},"loc":{"start":{"line":76,"column":58},"end":{"line":78,"column":3}}},"6":{"name":"(anonymous_10)","decl":{"start":{"line":9,"column":9},"end":{"line":9,"column":10}},"loc":{"start":{"line":9,"column":22},"end":{"line":9,"column":40}}},"7":{"name":"(anonymous_11)","decl":{"start":{"line":18,"column":30},"end":{"line":18,"column":33}},"loc":{"start":{"line":18,"column":36},"end":{"line":18,"column":41}}},"8":{"name":"(anonymous_12)","decl":{"start":{"line":36,"column":9},"end":{"line":36,"column":10}},"loc":{"start":{"line":36,"column":22},"end":{"line":36,"column":40}}},"9":{"name":"(anonymous_13)","decl":{"start":{"line":65,"column":9},"end":{"line":65,"column":10}},"loc":{"start":{"line":65,"column":22},"end":{"line":65,"column":40}}},"10":{"name":"(anonymous_14)","decl":{"start":{"line":70,"column":9},"end":{"line":70,"column":10}},"loc":{"start":{"line":70,"column":22},"end":{"line":70,"column":40}}},"11":{"name":"(anonymous_15)","decl":{"start":{"line":75,"column":9},"end":{"line":75,"column":10}},"loc":{"start":{"line":75,"column":22},"end":{"line":75,"column":29}}}},"branchMap":{},"s":{"0":0,"1":0,"2":0,"3":0,"4":0,"5":0,"6":0,"7":0,"8":0,"9":0,"10":0,"11":0,"12":0,"13":0,"14":0,"15":0,"16":0,"17":0,"18":0,"19":0,"20":0,"21":0,"22":0},"f":{"0":0,"1":0,"2":0,"3":0,"4":0,"5":0,"6":0,"7":0,"8":0,"9":0,"10":0,"11":0},"b":{}}
,"/home/mblancho/projects/LocalShirt/server/src/article/web/article.web.service.ts": {"path":"/home/mblancho/projects/LocalShirt/server/src/article/web/article.web.service.ts","statementMap":{"0":{"start":{"line":1,"column":0},"end":{"line":1,"column":44}},"1":{"start":{"line":2,"column":0},"end":{"line":2,"column":43}},"2":{"start":{"line":3,"column":0},"end":{"line":3,"column":60}},"3":{"start":{"line":4,"column":0},"end":{"line":4,"column":51}},"4":{"start":{"line":5,"column":0},"end":{"line":5,"column":37}},"5":{"start":{"line":6,"column":0},"end":{"line":6,"column":36}},"6":{"start":{"line":7,"column":0},"end":{"line":7,"column":65}},"7":{"start":{"line":8,"column":0},"end":{"line":8,"column":70}},"8":{"start":{"line":9,"column":0},"end":{"line":9,"column":54}},"9":{"start":{"line":11,"column":0},"end":{"line":11,"column":40}},"10":{"start":{"line":12,"column":0},"end":{"line":12,"column":65}},"11":{"start":{"line":15,"column":30},"end":{"line":269,"column":null}},"12":{"start":{"line":17,"column":12},"end":{"line":17,"column":20}},"13":{"start":{"line":19,"column":12},"end":{"line":19,"column":34}},"14":{"start":{"line":21,"column":12},"end":{"line":21,"column":32}},"15":{"start":{"line":26,"column":4},"end":{"line":37,"column":7}},"16":{"start":{"line":27,"column":19},"end":{"line":27,"column":39}},"17":{"start":{"line":29,"column":6},"end":{"line":36,"column":9}},"18":{"start":{"line":30,"column":8},"end":{"line":35,"column":9}},"19":{"start":{"line":34,"column":10},"end":{"line":34,"column":38}},"20":{"start":{"line":44,"column":23},"end":{"line":44,"column":39}},"21":{"start":{"line":45,"column":4},"end":{"line":45,"column":43}},"22":{"start":{"line":46,"column":4},"end":{"line":46,"column":41}},"23":{"start":{"line":47,"column":4},"end":{"line":47,"column":39}},"24":{"start":{"line":48,"column":4},"end":{"line":48,"column":47}},"25":{"start":{"line":49,"column":4},"end":{"line":49,"column":49}},"26":{"start":{"line":50,"column":4},"end":{"line":50,"column":51}},"27":{"start":{"line":51,"column":4},"end":{"line":51,"column":39}},"28":{"start":{"line":52,"column":4},"end":{"line":52,"column":43}},"29":{"start":{"line":53,"column":4},"end":{"line":53,"column":41}},"30":{"start":{"line":55,"column":4},"end":{"line":72,"column":5}},"31":{"start":{"line":56,"column":18},"end":{"line":56,"column":26}},"32":{"start":{"line":57,"column":28},"end":{"line":61,"column":8}},"33":{"start":{"line":63,"column":6},"end":{"line":70,"column":7}},"34":{"start":{"line":64,"column":8},"end":{"line":64,"column":25}},"35":{"start":{"line":65,"column":8},"end":{"line":69,"column":11}},"36":{"start":{"line":71,"column":6},"end":{"line":71,"column":31}},"37":{"start":{"line":74,"column":4},"end":{"line":74,"column":33}},"38":{"start":{"line":76,"column":21},"end":{"line":115,"column":null}},"39":{"start":{"line":78,"column":8},"end":{"line":87,"column":10}},"40":{"start":{"line":91,"column":10},"end":{"line":100,"column":12}},"41":{"start":{"line":105,"column":10},"end":{"line":114,"column":12}},"42":{"start":{"line":118,"column":4},"end":{"line":118,"column":117}},"43":{"start":{"line":119,"column":4},"end":{"line":119,"column":111}},"44":{"start":{"line":120,"column":4},"end":{"line":122,"column":6}},"45":{"start":{"line":123,"column":4},"end":{"line":123,"column":42}},"46":{"start":{"line":124,"column":4},"end":{"line":124,"column":22}},"47":{"start":{"line":128,"column":4},"end":{"line":128,"column":37}},"48":{"start":{"line":129,"column":4},"end":{"line":129,"column":35}},"49":{"start":{"line":130,"column":4},"end":{"line":130,"column":33}},"50":{"start":{"line":131,"column":4},"end":{"line":131,"column":71}},"51":{"start":{"line":132,"column":4},"end":{"line":132,"column":41}},"52":{"start":{"line":133,"column":4},"end":{"line":133,"column":43}},"53":{"start":{"line":134,"column":4},"end":{"line":134,"column":45}},"54":{"start":{"line":135,"column":4},"end":{"line":135,"column":33}},"55":{"start":{"line":136,"column":4},"end":{"line":136,"column":37}},"56":{"start":{"line":137,"column":4},"end":{"line":137,"column":35}},"57":{"start":{"line":138,"column":4},"end":{"line":145,"column":7}},"58":{"start":{"line":139,"column":6},"end":{"line":144,"column":7}},"59":{"start":{"line":140,"column":8},"end":{"line":140,"column":63}},"60":{"start":{"line":141,"column":8},"end":{"line":141,"column":21}},"61":{"start":{"line":143,"column":8},"end":{"line":143,"column":20}},"62":{"start":{"line":149,"column":26},"end":{"line":149,"column":45}},"63":{"start":{"line":150,"column":15},"end":{"line":150,"column":55}},"64":{"start":{"line":151,"column":4},"end":{"line":158,"column":5}},"65":{"start":{"line":152,"column":6},"end":{"line":152,"column":42}},"66":{"start":{"line":153,"column":6},"end":{"line":153,"column":41}},"67":{"start":{"line":154,"column":6},"end":{"line":154,"column":40}},"68":{"start":{"line":156,"column":6},"end":{"line":156,"column":27}},"69":{"start":{"line":157,"column":6},"end":{"line":157,"column":19}},"70":{"start":{"line":159,"column":4},"end":{"line":185,"column":5}},"71":{"start":{"line":160,"column":6},"end":{"line":165,"column":7}},"72":{"start":{"line":164,"column":8},"end":{"line":164,"column":27}},"73":{"start":{"line":166,"column":6},"end":{"line":171,"column":11}},"74":{"start":{"line":169,"column":10},"end":{"line":169,"column":67}},"75":{"start":{"line":170,"column":10},"end":{"line":170,"column":23}},"76":{"start":{"line":172,"column":6},"end":{"line":182,"column":7}},"77":{"start":{"line":173,"column":8},"end":{"line":176,"column":10}},"78":{"start":{"line":178,"column":8},"end":{"line":181,"column":10}},"79":{"start":{"line":184,"column":6},"end":{"line":184,"column":57}},"80":{"start":{"line":189,"column":23},"end":{"line":191,"column":6}},"81":{"start":{"line":193,"column":4},"end":{"line":198,"column":5}},"82":{"start":{"line":194,"column":6},"end":{"line":194,"column":57}},"83":{"start":{"line":195,"column":6},"end":{"line":195,"column":70}},"84":{"start":{"line":197,"column":6},"end":{"line":197,"column":59}},"85":{"start":{"line":202,"column":24},"end":{"line":202,"column":62}},"86":{"start":{"line":203,"column":24},"end":{"line":203,"column":25}},"87":{"start":{"line":205,"column":4},"end":{"line":211,"column":5}},"88":{"start":{"line":205,"column":17},"end":{"line":205,"column":18}},"89":{"start":{"line":206,"column":6},"end":{"line":210,"column":18}},"90":{"start":{"line":210,"column":8},"end":{"line":210,"column":18}},"91":{"start":{"line":212,"column":4},"end":{"line":212,"column":43}},"92":{"start":{"line":216,"column":23},"end":{"line":218,"column":6}},"93":{"start":{"line":220,"column":4},"end":{"line":225,"column":5}},"94":{"start":{"line":221,"column":6},"end":{"line":221,"column":57}},"95":{"start":{"line":222,"column":6},"end":{"line":222,"column":70}},"96":{"start":{"line":224,"column":6},"end":{"line":224,"column":59}},"97":{"start":{"line":229,"column":26},"end":{"line":229,"column":45}},"98":{"start":{"line":230,"column":15},"end":{"line":230,"column":55}},"99":{"start":{"line":231,"column":4},"end":{"line":237,"column":7}},"100":{"start":{"line":232,"column":6},"end":{"line":236,"column":7}},"101":{"start":{"line":233,"column":8},"end":{"line":233,"column":63}},"102":{"start":{"line":235,"column":8},"end":{"line":235,"column":20}},"103":{"start":{"line":239,"column":4},"end":{"line":245,"column":7}},"104":{"start":{"line":240,"column":6},"end":{"line":244,"column":7}},"105":{"start":{"line":241,"column":8},"end":{"line":241,"column":63}},"106":{"start":{"line":243,"column":8},"end":{"line":243,"column":20}},"107":{"start":{"line":246,"column":4},"end":{"line":248,"column":8}},"108":{"start":{"line":249,"column":4},"end":{"line":262,"column":5}},"109":{"start":{"line":250,"column":6},"end":{"line":255,"column":11}},"110":{"start":{"line":253,"column":10},"end":{"line":253,"column":67}},"111":{"start":{"line":254,"column":10},"end":{"line":254,"column":23}},"112":{"start":{"line":256,"column":6},"end":{"line":261,"column":7}},"113":{"start":{"line":257,"column":8},"end":{"line":260,"column":10}},"114":{"start":{"line":263,"column":4},"end":{"line":263,"column":55}},"115":{"start":{"line":267,"column":4},"end":{"line":267,"column":80}},"116":{"start":{"line":15,"column":13},"end":{"line":15,"column":30}},"117":{"start":{"line":25,"column":8},"end":{"line":38,"column":null}},"118":{"start":{"line":15,"column":13},"end":{"line":269,"column":null}}},"fnMap":{"0":{"name":"(anonymous_4)","decl":{"start":{"line":16,"column":2},"end":{"line":16,"column":null}},"loc":{"start":{"line":21,"column":52},"end":{"line":22,"column":6}}},"1":{"name":"(anonymous_5)","decl":{"start":{"line":25,"column":2},"end":{"line":25,"column":7}},"loc":{"start":{"line":25,"column":31},"end":{"line":38,"column":3}}},"2":{"name":"(anonymous_6)","decl":{"start":{"line":26,"column":48},"end":{"line":26,"column":49}},"loc":{"start":{"line":26,"column":64},"end":{"line":37,"column":5}}},"3":{"name":"(anonymous_7)","decl":{"start":{"line":29,"column":26},"end":{"line":29,"column":27}},"loc":{"start":{"line":29,"column":38},"end":{"line":36,"column":7}}},"4":{"name":"(anonymous_8)","decl":{"start":{"line":40,"column":2},"end":{"line":40,"column":7}},"loc":{"start":{"line":42,"column":26},"end":{"line":125,"column":3}}},"5":{"name":"(anonymous_9)","decl":{"start":{"line":77,"column":11},"end":{"line":77,"column":12}},"loc":{"start":{"line":77,"column":24},"end":{"line":88,"column":7}}},"6":{"name":"(anonymous_10)","decl":{"start":{"line":90,"column":48},"end":{"line":90,"column":49}},"loc":{"start":{"line":90,"column":61},"end":{"line":101,"column":9}}},"7":{"name":"(anonymous_11)","decl":{"start":{"line":104,"column":47},"end":{"line":104,"column":48}},"loc":{"start":{"line":104,"column":60},"end":{"line":115,"column":9}}},"8":{"name":"(anonymous_12)","decl":{"start":{"line":127,"column":2},"end":{"line":127,"column":7}},"loc":{"start":{"line":127,"column":36},"end":{"line":146,"column":3}}},"9":{"name":"(anonymous_13)","decl":{"start":{"line":138,"column":46},"end":{"line":138,"column":47}},"loc":{"start":{"line":138,"column":57},"end":{"line":145,"column":5}}},"10":{"name":"(anonymous_14)","decl":{"start":{"line":148,"column":2},"end":{"line":148,"column":7}},"loc":{"start":{"line":148,"column":24},"end":{"line":186,"column":3}}},"11":{"name":"(anonymous_15)","decl":{"start":{"line":168,"column":15},"end":{"line":168,"column":16}},"loc":{"start":{"line":168,"column":25},"end":{"line":171,"column":9}}},"12":{"name":"(anonymous_16)","decl":{"start":{"line":188,"column":2},"end":{"line":188,"column":7}},"loc":{"start":{"line":188,"column":35},"end":{"line":199,"column":3}}},"13":{"name":"(anonymous_17)","decl":{"start":{"line":201,"column":2},"end":{"line":201,"column":7}},"loc":{"start":{"line":201,"column":19},"end":{"line":213,"column":3}}},"14":{"name":"(anonymous_18)","decl":{"start":{"line":215,"column":2},"end":{"line":215,"column":7}},"loc":{"start":{"line":215,"column":29},"end":{"line":226,"column":3}}},"15":{"name":"(anonymous_19)","decl":{"start":{"line":228,"column":2},"end":{"line":228,"column":7}},"loc":{"start":{"line":228,"column":28},"end":{"line":264,"column":3}}},"16":{"name
[...]
,"/home/mblancho/projects/LocalShirt/server/src/scraper/Scrapers/ScrapPrimark.ts": {"path":"/home/mblancho/projects/LocalShirt/server/src/scraper/Scrapers/ScrapPrimark.ts","statementMap":{"0":{"start":{"line":1,"column":0},"end":{"line":1,"column":null}},"1":{"start":{"line":9,"column":0},"end":{"line":9,"column":69}},"2":{"start":{"line":12,"column":49},"end":{"line":12,"column":71}},"3":{"start":{"line":14,"column":20},"end":{"line":14,"column":44}},"4":{"start":{"line":15,"column":17},"end":{"line":15,"column":40}},"5":{"start":{"line":17,"column":4},"end":{"line":17,"column":25}},"6":{"start":{"line":19,"column":4},"end":{"line":62,"column":5}},"7":{"start":{"line":20,"column":8},"end":{"line":22,"column":11}},"8":{"start":{"line":24,"column":21},"end":{"line":27,"column":10}},"9":{"start":{"line":25,"column":28},"end":{"line":25,"column":94}},"10":{"start":{"line":26,"column":12},"end":{"line":26,"column":63}},"11":{"start":{"line":28,"column":22},"end":{"line":31,"column":10}},"12":{"start":{"line":29,"column":28},"end":{"line":29,"column":94}},"13":{"start":{"line":30,"column":12},"end":{"line":30,"column":63}},"14":{"start":{"line":32,"column":28},"end":{"line":35,"column":10}},"15":{"start":{"line":33,"column":28},"end":{"line":33,"column":90}},"16":{"start":{"line":34,"column":12},"end":{"line":34,"column":63}},"17":{"start":{"line":36,"column":22},"end":{"line":39,"column":10}},"18":{"start":{"line":37,"column":28},"end":{"line":37,"column":86}},"19":{"start":{"line":38,"column":12},"end":{"line":38,"column":63}},"20":{"start":{"line":41,"column":8},"end":{"line":41,"column":30}},"21":{"start":{"line":42,"column":8},"end":{"line":42,"column":39}},"22":{"start":{"line":43,"column":8},"end":{"line":43,"column":37}},"23":{"start":{"line":44,"column":8},"end":{"line":44,"column":44}},"24":{"start":{"line":45,"column":8},"end":{"line":52,"column":10}},"25":{"start":{"line":53,"column":8},"end":{"line":53,"column":45}},"26":{"start":{"line":54,"column":8},"end":{"line":54,"column":71}},"27":{"start":{"line":55,"column":8},"end":{"line":55,"column":40}},"28":{"start":{"line":56,"column":8},"end":{"line":56,"column":73}},"29":{"start":{"line":57,"column":8},"end":{"line":57,"column":42}},"30":{"start":{"line":58,"column":34},"end":{"line":58,"column":77}},"31":{"start":{"line":59,"column":8},"end":{"line":59,"column":39}},"32":{"start":{"line":61,"column":8},"end":{"line":61,"column":39}},"33":{"start":{"line":63,"column":4},"end":{"line":63,"column":30}},"34":{"start":{"line":11,"column":0},"end":{"line":11,"column":7}}},"fnMap":{"0":{"name":"ScrapePrimark","decl":{"start":{"line":11,"column":22},"end":{"line":11,"column":35}},"loc":{"start":{"line":11,"column":47},"end":{"line":64,"column":1}}},"1":{"name":"(anonymous_1)","decl":{"start":{"line":24,"column":41},"end":{"line":24,"column":44}},"loc":{"start":{"line":24,"column":46},"end":{"line":27,"column":9}}},"2":{"name":"(anonymous_2)","decl":{"start":{"line":28,"column":42},"end":{"line":28,"column":45}},"loc":{"start":{"line":28,"column":47},"end":{"line":31,"column":9}}},"3":{"name":"(anonymous_3)","decl":{"start":{"line":32,"column":48},"end":{"line":32,"column":51}},"loc":{"start":{"line":32,"column":53},"end":{"line":35,"column":9}}},"4":{"name":"(anonymous_4)","decl":{"start":{"line":36,"column":42},"end":{"line":36,"column":45}},"loc":{"start":{"line":36,"column":47},"end":{"line":39,"column":9}}}},"branchMap":{"0":{"loc":{"start":{"line":26,"column":19},"end":{"line":26,"column":62}},"type":"cond-expr","locations":[{"start":{"line":26,"column":29},"end":{"line":26,"column":55}},{"start":{"line":26,"column":58},"end":{"line":26,"column":62}}]},"1":{"loc":{"start":{"line":30,"column":19},"end":{"line":30,"column":62}},"type":"cond-expr","locations":[{"start":{"line":30,"column":29},"end":{"line":30,"column":55}},{"start":{"line":30,"column":58},"end":{"line":30,"column":62}}]},"2":{"loc":{"start":{"line":34,"column":19},"end":{"line":34,"column":62}},"type":"cond-expr","locations":[{"start":{"line":34,"column":29},"end":{"line":34,"column":55}},{"start":{"line":34,"column":58},"end":{"line":34,"column":62}}]},"3":{"loc":{"start":{"line":38,"column":19},"end":{"line":38,"column":62}},"type":"cond-expr","locations":[{"start":{"line":38,"column":29},"end":{"line":38,"column":55}},{"start":{"line":38,"column":58},"end":{"line":38,"column":62}}]},"4":{"loc":{"start":{"line":47,"column":12},"end":{"line":48,"column":71}},"type":"binary-expr","locations":[{"start":{"line":47,"column":12},"end":{"line":47,"column":72}},{"start":{"line":48,"column":12},"end":{"line":48,"column":71}}]},"5":{"loc":{"start":{"line":50,"column":12},"end":{"line":51,"column":62}},"type":"binary-expr","locations":[{"start":{"line":50,"column":12},"end":{"line":50,"column":55}},{"start":{"line":51,"column":12},"end":{"line":51,"column":62}}]}},"s":{"0":0,"1":0,"2":0,"3":0,"4":0,"5":0,"6":0,"7":0,"8":0,"9":0,"10":0,"11":0,"12":0,"13":0,"14":0,"15":0,"16":0,"17":0,"18":0,"19":0,"20":0,"21":0,"22":0,"23":0,"24":0,"25":0,"26":0,"27":0,"28":0,"29":0,"30":0,"31":0,"32":0,"33":0,"34":0},"f":{"0":0,"1":0,"2":0,"3":0,"4":0},"b":{"0":[0,0],"1":[0,0],"2":[0,0],"3":[0,0],"4":[0,0],"5":[0,0]}}
,"/home/mblancho/projects/LocalShirt/server/src/scraper/Scrapers/ScrapShein.ts": {"path":"/home/mblancho/projects/LocalShirt/server/src/scraper/Scrapers/ScrapShein.ts","statementMap":{"0":{"start":{"line":1,"column":0},"end":{"line":1,"column":null}},"1":{"start":{"line":10,"column":0},"end":{"line":10,"column":69}},"2":{"start":{"line":13,"column":47},"end":{"line":13,"column":69}},"3":{"start":{"line":15,"column":18},"end":{"line":15,"column":42}},"4":{"start":{"line":16,"column":15},"end":{"line":16,"column":38}},"5":{"start":{"line":17,"column":2},"end":{"line":17,"column":23}},"6":{"start":{"line":19,"column":2},"end":{"line":26,"column":3}},"7":{"start":{"line":20,"column":4},"end":{"line":23,"column":7}},"8":{"start":{"line":25,"column":4},"end":{"line":25,"column":69}},"9":{"start":{"line":28,"column":15},"end":{"line":28,"column":35}},"10":{"start":{"line":29,"column":12},"end":{"line":29,"column":30}},"11":{"start":{"line":31,"column":15},"end":{"line":31,"column":52}},"12":{"start":{"line":32,"column":16},"end":{"line":32,"column":55}},"13":{"start":{"line":33,"column":13},"end":{"line":33,"column":67}},"14":{"start":{"line":34,"column":22},"end":{"line":34,"column":60}},"15":{"start":{"line":35,"column":44},"end":{"line":35,"column":46}},"16":{"start":{"line":36,"column":2},"end":{"line":39,"column":5}},"17":{"start":{"line":37,"column":22},"end":{"line":37,"column":39}},"18":{"start":{"line":38,"column":4},"end":{"line":38,"column":44}},"19":{"start":{"line":43,"column":2},"end":{"line":43,"column":56}},"20":{"start":{"line":44,"column":2},"end":{"line":44,"column":67}},"21":{"start":{"line":45,"column":2},"end":{"line":47,"column":4}},"22":{"start":{"line":49,"column":2},"end":{"line":55,"column":3}},"23":{"start":{"line":50,"column":4},"end":{"line":52,"column":7}},"24":{"start":{"line":54,"column":4},"end":{"line":54,"column":75}},"25":{"start":{"line":57,"column":17},"end":{"line":62,"column":4}},"26":{"start":{"line":58,"column":4},"end":{"line":61,"column":7}},"27":{"start":{"line":59,"column":32},"end":{"line":59,"column":56}},"28":{"start":{"line":60,"column":6},"end":{"line":60,"column":69}},"29":{"start":{"line":63,"column":2},"end":{"line":63,"column":24}},"30":{"start":{"line":67,"column":2},"end":{"line":67,"column":33}},"31":{"start":{"line":68,"column":2},"end":{"line":68,"column":31}},"32":{"start":{"line":69,"column":2},"end":{"line":69,"column":38}},"33":{"start":{"line":70,"column":2},"end":{"line":80,"column":4}},"34":{"start":{"line":81,"column":2},"end":{"line":81,"column":37}},"35":{"start":{"line":82,"column":2},"end":{"line":82,"column":65}},"36":{"start":{"line":83,"column":2},"end":{"line":85,"column":43}},"37":{"start":{"line":84,"column":25},"end":{"line":84,"column":38}},"38":{"start":{"line":85,"column":23},"end":{"line":85,"column":40}},"39":{"start":{"line":86,"column":2},"end":{"line":88,"column":4}},"40":{"start":{"line":89,"column":2},"end":{"line":89,"column":36}},"41":{"start":{"line":91,"column":28},"end":{"line":91,"column":71}},"42":{"start":{"line":92,"column":2},"end":{"line":92,"column":33}},"43":{"start":{"line":93,"column":2},"end":{"line":93,"column":28}},"44":{"start":{"line":12,"column":0},"end":{"line":12,"column":7}}},"fnMap":{"0":{"name":"ScrapeShein","decl":{"start":{"line":12,"column":22},"end":{"line":12,"column":33}},"loc":{"start":{"line":12,"column":45},"end":{"line":94,"column":1}}},"1":{"name":"(anonymous_1)","decl":{"start":{"line":36,"column":33},"end":{"line":36,"column":34}},"loc":{"start":{"line":36,"column":52},"end":{"line":39,"column":3}}},"2":{"name":"(anonymous_2)","decl":{"start":{"line":57,"column":58},"end":{"line":57,"column":59}},"loc":{"start":{"line":57,"column":73},"end":{"line":62,"column":3}}},"3":{"name":"(anonymous_3)","decl":{"start":{"line":58,"column":26},"end":{"line":58,"column":27}},"loc":{"start":{"line":58,"column":33},"end":{"line":61,"column":5}}},"4":{"name":"(anonymous_4)","decl":{"start":{"line":84,"column":9},"end":{"line":84,"column":10}},"loc":{"start":{"line":84,"column":25},"end":{"line":84,"column":38}}},"5":{"name":"(anonymous_5)","decl":{"start":{"line":85,"column":9},"end":{"line":85,"column":10}},"loc":{"start":{"line":85,"column":23},"end":{"line":85,"column":40}}}},"branchMap":{"0":{"loc":{"start":{"line":72,"column":6},"end":{"line":74,"column":70}},"type":"binary-expr","locations":[{"start":{"line":72,"column":6},"end":{"line":73,"column":null}},{"start":{"line":74,"column":11},"end":{"line":74,"column":70}}]},"1":{"loc":{"start":{"line":76,"column":6},"end":{"line":79,"column":86}},"type":"binary-expr","locations":[{"start":{"line":76,"column":6},"end":{"line":79,"column":10}},{"start":{"line":79,"column":14},"end":{"line":79,"column":86}}]}},"s":{"0":0,"1":0,"2":0,"3":0,"4":0,"5":0,"6":0,"7":0,"8":0,"9":0,"10":0,"11":0,"12":0,"13":0,"14":0,"15":0,"16":0,"17":0,"18":0,"19":0,"20":0,"21":0,"22":0,"23":0,"24":0,"25":0,"26":0,"27":0,"28":0,"29":0,"30":0,"31":0,"32":0,"33":0,"34":0,"35":0,"36":0,"37":0,"38":0,"39":0,"40":0,"41":0,"42":0,"43":0,"44":0},"f":{"0":0,"1":0,"2":0,"3":0,"4":0,"5":0},"b":{"0":[0,0],"1":[0,0]}}
,"/home/mblancho/projects/LocalShirt/server/src/scraper/Scrapers/ScrapUniqlo.ts": {"path":"/home/mblancho/projects/LocalShirt/server/src/scraper/Scrapers/ScrapUniqlo.ts","statementMap":{"0":{"start":{"line":1,"column":0},"end":{"line":1,"column":null}},"1":{"start":{"line":9,"column":0},"end":{"line":9,"column":69}},"2":{"start":{"line":12,"column":47},"end":{"line":12,"column":69}},"3":{"start":{"line":14,"column":18},"end":{"line":14,"column":42}},"4":{"start":{"line":15,"column":15},"end":{"line":15,"column":38}},"5":{"start":{"line":16,"column":2},"end":{"line":16,"column":23}},"6":{"start":{"line":18,"column":2},"end":{"line":64,"column":3}},"7":{"start":{"line":19,"column":4},"end":{"line":22,"column":7}},"8":{"start":{"line":23,"column":17},"end":{"line":25,"column":null}},"9":{"start":{"line":25,"column":19},"end":{"line":25,"column":38}},"10":{"start":{"line":27,"column":18},"end":{"line":29,"column":null}},"11":{"start":{"line":29,"column":19},"end":{"line":29,"column":38}},"12":{"start":{"line":31,"column":24},"end":{"line":32,"column":null}},"13":{"start":{"line":32,"column":6},"end":{"line":32,"column":32}},"14":{"start":{"line":35,"column":18},"end":{"line":36,"column":null}},"15":{"start":{"line":36,"column":6},"end":{"line":36,"column":51}},"16":{"start":{"line":38,"column":4},"end":{"line":38,"column":26}},"17":{"start":{"line":40,"column":4},"end":{"line":40,"column":35}},"18":{"start":{"line":41,"column":4},"end":{"line":41,"column":33}},"19":{"start":{"line":42,"column":4},"end":{"line":42,"column":40}},"20":{"start":{"line":43,"column":4},"end":{"line":51,"column":6}},"21":{"start":{"line":52,"column":4},"end":{"line":52,"column":40}},"22":{"start":{"line":53,"column":4},"end":{"line":53,"column":67}},"23":{"start":{"line":54,"column":4},"end":{"line":54,"column":36}},"24":{"start":{"line":55,"column":4},"end":{"line":57,"column":6}},"25":{"start":{"line":58,"column":4},"end":{"line":58,"column":38}},"26":{"start":{"line":60,"column":30},"end":{"line":60,"column":73}},"27":{"start":{"line":61,"column":4},"end":{"line":61,"column":35}},"28":{"start":{"line":63,"column":4},"end":{"line":63,"column":35}},"29":{"start":{"line":66,"column":2},"end":{"line":66,"column":28}},"30":{"start":{"line":11,"column":0},"end":{"line":11,"column":7}}},"fnMap":{"0":{"name":"ScrapeUniqlo","decl":{"start":{"line":11,"column":22},"end":{"line":11,"column":34}},"loc":{"start":{"line":11,"column":46},"end":{"line":67,"column":1}}},"1":{"name":"(anonymous_1)","decl":{"start":{"line":25,"column":6},"end":{"line":25,"column":7}},"loc":{"start":{"line":25,"column":19},"end":{"line":25,"column":38}}},"2":{"name":"(anonymous_2)","decl":{"start":{"line":29,"column":6},"end":{"line":29,"column":7}},"loc":{"start":{"line":29,"column":19},"end":{"line":29,"column":38}}},"3":{"name":"(anonymous_3)","decl":{"start":{"line":31,"column":62},"end":{"line":31,"column":63}},"loc":{"start":{"line":32,"column":6},"end":{"line":32,"column":32}}},"4":{"name":"(anonymous_4)","decl":{"start":{"line":35,"column":74},"end":{"line":35,"column":75}},"loc":{"start":{"line":36,"column":6},"end":{"line":36,"column":51}}}},"branchMap":{"0":{"loc":{"start":{"line":45,"column":8},"end":{"line":47,"column":72}},"type":"binary-expr","locations":[{"start":{"line":45,"column":8},"end":{"line":46,"column":null}},{"start":{"line":47,"column":13},"end":{"line":47,"column":72}}]},"1":{"loc":{"start":{"line":49,"column":8},"end":{"line":50,"column":77}},"type":"binary-expr","locations":[{"start":{"line":49,"column":8},"end":{"line":49,"column":51}},{"start":{"line":50,"column":8},"end":{"line":50,"column":77}}]}},"s":{"0":0,"1":0,"2":0,"3":0,"4":0,"5":0,"6":0,"7":0,"8":0,"9":0,"10":0,"11":0,"12":0,"13":0,"14":0,"15":0,"16":0,"17":0,"18":0,"19":0,"20":0,"21":0,"22":0,"23":0,"24":0,"25":0,"26":0,"27":0,"28":0,"29":0,"30":0},"f":{"0":0,"1":0,"2":0,"3":0,"4":0},"b":{"0":[0,0],"1":[0,0]}}
,"/home/mblancho/projects/LocalShirt/server/src/scraper/Scrapers/ScrapVeja.ts": {"path":"/home/mblancho/projects/LocalShirt/server/src/scraper/Scrapers/ScrapVeja.ts","statementMap":{"0":{"start":{"line":1,"column":0},"end":{"line":1,"column":null}},"1":{"start":{"line":10,"column":0},"end":{"line":10,"column":69}},"2":{"start":{"line":14,"column":47},"end":{"line":14,"column":69}},"3":{"start":{"line":16,"column":19},"end":{"line":16,"column":39}},"4":{"start":{"line":17,"column":12},"end":{"line":17,"column":39}},"5":{"start":{"line":19,"column":15},"end":{"line":19,"column":60}},"6":{"start":{"line":20,"column":16},"end":{"line":20,"column":45}},"7":{"start":{"line":21,"column":15},"end":{"line":21,"column":60}},"8":{"start":{"line":23,"column":29},"end":{"line":23,"column":64}},"9":{"start":{"line":24,"column":33},"end":{"line":24,"column":58}},"10":{"start":{"line":25,"column":28},"end":{"line":25,"column":75}},"11":{"start":{"line":26,"column":50},"end":{"line":26,"column":52}},"12":{"start":{"line":28,"column":2},"end":{"line":38,"column":5}},"13":{"start":{"line":29,"column":21},"end":{"line":29,"column":36}},"14":{"start":{"line":30,"column":4},"end":{"line":37,"column":5}},"15":{"start":{"line":31,"column":18},"end":{"line":31,"column":60}},"16":{"start":{"line":32,"column":20},"end":{"line":32,"column":62}},"17":{"start":{"line":33,"column":6},"end":{"line":33,"column":35}},"18":{"start":{"line":35,"column":19},"end":{"line":35,"column":61}},"19":{"start":{"line":36,"column":6},"end":{"line":36,"column":35}},"20":{"start":{"line":40,"column":15},"end":{"line":40,"column":23}},"21":{"start":{"line":41,"column":2},"end":{"line":48,"column":3}},"22":{"start":{"line":42,"column":4},"end":{"line":47,"column":5}},"23":{"start":{"line":43,"column":20},"end":{"line":43,"column":40}},"24":{"start":{"line":44,"column":6},"end":{"line":46,"column":7}},"25":{"start":{"line":45,"column":8},"end":{"line":45,"column":56}},"26":{"start":{"line":50,"column":28},"end":{"line":52,"column":15}},"27":{"start":{"line":51,"column":27},"end":{"line":51,"column":45}},"28":{"start":{"line":54,"column":2},"end":{"line":54,"column":33}},"29":{"start":{"line":55,"column":2},"end":{"line":55,"column":31}},"30":{"start":{"line":56,"column":2},"end":{"line":56,"column":38}},"31":{"start":{"line":57,"column":2},"end":{"line":65,"column":4}},"32":{"start":{"line":66,"column":2},"end":{"line":66,"column":36}},"33":{"start":{"line":67,"column":2},"end":{"line":67,"column":65}},"34":{"start":{"line":68,"column":2},"end":{"line":68,"column":50}},"35":{"start":{"line":69,"column":2},"end":{"line":69,"column":73}},"36":{"start":{"line":70,"column":2},"end":{"line":70,"column":36}},"37":{"start":{"line":72,"column":28},"end":{"line":72,"column":71}},"38":{"start":{"line":73,"column":2},"end":{"line":73,"column":33}},"39":{"start":{"line":74,"column":2},"end":{"line":74,"column":28}},"40":{"start":{"line":13,"column":0},"end":{"line":13,"column":7}}},"fnMap":{"0":{"name":"ScrapeVeja","decl":{"start":{"line":13,"column":22},"end":{"line":13,"column":32}},"loc":{"start":{"line":13,"column":44},"end":{"line":75,"column":1}}},"1":{"name":"(anonymous_1)","decl":{"start":{"line":28,"column":27},"end":{"line":28,"column":28}},"loc":{"start":{"line":28,"column":36},"end":{"line":38,"column":3}}},"2":{"name":"(anonymous_2)","decl":{"start":{"line":51,"column":9},"end":{"line":51,"column":10}},"loc":{"start":{"line":51,"column":27},"end":{"line":51,"column":45}}}},"branchMap":{"0":{"loc":{"start":{"line":30,"column":4},"end":{"line":37,"column":5}},"type":"if","locations":[{"start":{"line":30,"column":4},"end":{"line":37,"column":5}},{"start":{"line":34,"column":11},"end":{"line":37,"column":5}}]},"1":{"loc":{"start":{"line":42,"column":4},"end":{"line":47,"column":5}},"type":"if","locations":[{"start":{"line":42,"column":4},"end":{"line":47,"column":5}}]},"2":{"loc":{"start":{"line":44,"column":6},"end":{"line":46,"column":7}},"type":"if","locations":[{"start":{"line":44,"column":6},"end":{"line":46,"column":7}}]},"3":{"loc":{"start":{"line":59,"column":6},"end":{"line":61,"column":70}},"type":"binary-expr","locations":[{"start":{"line":59,"column":6},"end":{"line":60,"column":null}},{"start":{"line":61,"column":11},"end":{"line":61,"column":70}}]},"4":{"loc":{"start":{"line":63,"column":6},"end":{"line":64,"column":62}},"type":"binary-expr","locations":[{"start":{"line":63,"column":6},"end":{"line":63,"column":49}},{"start":{"line":64,"column":6},"end":{"line":64,"column":62}}]}},"s":{"0":0,"1":0,"2":0,"3":0,"4":0,"5":0,"6":0,"7":0,"8":0,"9":0,"10":0,"11":0,"12":0,"13":0,"14":0,"15":0,"16":0,"17":0,"18":0,"19":0,"20":0,"21":0,"22":0,"23":0,"24":0,"25":0,"26":0,"27":0,"28":0,"29":0,"30":0,"31":0,"32":0,"33":0,"34":0,"35":0,"36":0,"37":0,"38":0,"39":0,"40":0},"f":{"0":0,"1":0,"2":0},"b":{"0":[0,0],"1":[0],"2":[0],"3":[0,0],"4":[0,0]}}
,"/home/mblancho/projects/LocalShirt/server/src/scraper/Scrapers/jest.config.js": {"path":"/home/mblancho/projects/LocalShirt/server/src/scraper/Scrapers/jest.config.js","statementMap":{"0":{"start":{"line":1,"column":0},"end":{"line":5,"column":4}}},"fnMap":{},"branchMap":{},"s":{"0":0},"f":{},"b":{}}
}
